{"C:\\Users\\gl0022\\Documents\\GitHub\\bitbucket-mcp-server\\src\\server\\client-session.ts": {"path":"C:\\Users\\gl0022\\Documents\\GitHub\\bitbucket-mcp-server\\src\\server\\client-session.ts","statementMap":{"0":{"start":{"line":22,"column":0},"end":{"line":22,"column":38}},"1":{"start":{"line":23,"column":0},"end":{"line":23,"column":null}},"2":{"start":{"line":61,"column":4},"end":{"line":61,"column":12}},"3":{"start":{"line":45,"column":10},"end":{"line":45,"column":55}},"4":{"start":{"line":63,"column":4},"end":{"line":63,"column":18}},"5":{"start":{"line":64,"column":4},"end":{"line":64,"column":30}},"6":{"start":{"line":65,"column":4},"end":{"line":65,"column":32}},"7":{"start":{"line":66,"column":4},"end":{"line":66,"column":33}},"8":{"start":{"line":67,"column":4},"end":{"line":67,"column":36}},"9":{"start":{"line":68,"column":4},"end":{"line":68,"column":37}},"10":{"start":{"line":69,"column":4},"end":{"line":69,"column":37}},"11":{"start":{"line":70,"column":4},"end":{"line":70,"column":28}},"12":{"start":{"line":71,"column":4},"end":{"line":71,"column":48}},"13":{"start":{"line":73,"column":4},"end":{"line":79,"column":6}},"14":{"start":{"line":82,"column":4},"end":{"line":82,"column":35}},"15":{"start":{"line":85,"column":4},"end":{"line":85,"column":35}},"16":{"start":{"line":93,"column":4},"end":{"line":93,"column":20}},"17":{"start":{"line":97,"column":4},"end":{"line":97,"column":26}},"18":{"start":{"line":101,"column":4},"end":{"line":101,"column":23}},"19":{"start":{"line":105,"column":4},"end":{"line":105,"column":27}},"20":{"start":{"line":109,"column":4},"end":{"line":109,"column":27}},"21":{"start":{"line":113,"column":4},"end":{"line":113,"column":30}},"22":{"start":{"line":117,"column":4},"end":{"line":117,"column":31}},"23":{"start":{"line":118,"column":4},"end":{"line":118,"column":25}},"24":{"start":{"line":122,"column":4},"end":{"line":122,"column":33}},"25":{"start":{"line":126,"column":4},"end":{"line":126,"column":34}},"26":{"start":{"line":130,"column":4},"end":{"line":130,"column":41}},"27":{"start":{"line":134,"column":4},"end":{"line":134,"column":42}},"28":{"start":{"line":138,"column":4},"end":{"line":138,"column":25}},"29":{"start":{"line":142,"column":4},"end":{"line":142,"column":26}},"30":{"start":{"line":143,"column":4},"end":{"line":143,"column":25}},"31":{"start":{"line":150,"column":4},"end":{"line":150,"column":36}},"32":{"start":{"line":151,"column":4},"end":{"line":151,"column":25}},"33":{"start":{"line":152,"column":4},"end":{"line":152,"column":32}},"34":{"start":{"line":159,"column":4},"end":{"line":160,"column":60}},"35":{"start":{"line":167,"column":16},"end":{"line":167,"column":26}},"36":{"start":{"line":168,"column":30},"end":{"line":168,"column":74}},"37":{"start":{"line":169,"column":4},"end":{"line":169,"column":45}},"38":{"start":{"line":176,"column":16},"end":{"line":176,"column":26}},"39":{"start":{"line":177,"column":21},"end":{"line":177,"column":62}},"40":{"start":{"line":178,"column":34},"end":{"line":180,"column":9}},"41":{"start":{"line":182,"column":4},"end":{"line":189,"column":6}},"42":{"start":{"line":200,"column":4},"end":{"line":202,"column":5}},"43":{"start":{"line":201,"column":6},"end":{"line":201,"column":73}},"44":{"start":{"line":204,"column":4},"end":{"line":213,"column":5}},"45":{"start":{"line":205,"column":6},"end":{"line":205,"column":38}},"46":{"start":{"line":206,"column":6},"end":{"line":206,"column":49}},"47":{"start":{"line":207,"column":6},"end":{"line":207,"column":28}},"48":{"start":{"line":208,"column":6},"end":{"line":208,"column":35}},"49":{"start":{"line":210,"column":6},"end":{"line":210,"column":45}},"50":{"start":{"line":211,"column":6},"end":{"line":211,"column":38}},"51":{"start":{"line":212,"column":6},"end":{"line":212,"column":18}},"52":{"start":{"line":220,"column":4},"end":{"line":222,"column":5}},"53":{"start":{"line":221,"column":6},"end":{"line":221,"column":78}},"54":{"start":{"line":224,"column":4},"end":{"line":237,"column":5}},"55":{"start":{"line":226,"column":6},"end":{"line":228,"column":7}},"56":{"start":{"line":227,"column":8},"end":{"line":227,"column":39}},"57":{"start":{"line":230,"column":6},"end":{"line":230,"column":53}},"58":{"start":{"line":231,"column":6},"end":{"line":231,"column":28}},"59":{"start":{"line":232,"column":6},"end":{"line":232,"column":39}},"60":{"start":{"line":234,"column":6},"end":{"line":234,"column":45}},"61":{"start":{"line":235,"column":6},"end":{"line":235,"column":38}},"62":{"start":{"line":236,"column":6},"end":{"line":236,"column":18}},"63":{"start":{"line":244,"column":4},"end":{"line":246,"column":5}},"64":{"start":{"line":245,"column":6},"end":{"line":245,"column":13}},"65":{"start":{"line":248,"column":4},"end":{"line":248,"column":51}},"66":{"start":{"line":249,"column":4},"end":{"line":249,"column":45}},"67":{"start":{"line":251,"column":4},"end":{"line":266,"column":5}},"68":{"start":{"line":253,"column":6},"end":{"line":253,"column":27}},"69":{"start":{"line":256,"column":6},"end":{"line":258,"column":7}},"70":{"start":{"line":257,"column":8},"end":{"line":257,"column":43}},"71":{"start":{"line":260,"column":6},"end":{"line":260,"column":52}},"72":{"start":{"line":261,"column":6},"end":{"line":261,"column":46}},"73":{"start":{"line":263,"column":6},"end":{"line":263,"column":45}},"74":{"start":{"line":264,"column":6},"end":{"line":264,"column":38}},"75":{"start":{"line":265,"column":6},"end":{"line":265,"column":18}},"76":{"start":{"line":273,"column":4},"end":{"line":273,"column":51}},"77":{"start":{"line":274,"column":4},"end":{"line":274,"column":47}},"78":{"start":{"line":276,"column":4},"end":{"line":288,"column":5}},"79":{"start":{"line":277,"column":6},"end":{"line":277,"column":27}},"80":{"start":{"line":279,"column":6},"end":{"line":281,"column":7}},"81":{"start":{"line":280,"column":8},"end":{"line":280,"column":43}},"82":{"start":{"line":283,"column":6},"end":{"line":283,"column":52}},"83":{"start":{"line":284,"column":6},"end":{"line":284,"column":46}},"84":{"start":{"line":286,"column":6},"end":{"line":286,"column":45}},"85":{"start":{"line":287,"column":6},"end":{"line":287,"column":38}},"86":{"start":{"line":299,"column":4},"end":{"line":299,"column":39}},"87":{"start":{"line":300,"column":4},"end":{"line":300,"column":43}},"88":{"start":{"line":307,"column":4},"end":{"line":307,"column":42}},"89":{"start":{"line":308,"column":4},"end":{"line":308,"column":45}},"90":{"start":{"line":315,"column":4},"end":{"line":315,"column":46}},"91":{"start":{"line":322,"column":4},"end":{"line":322,"column":36}},"92":{"start":{"line":323,"column":4},"end":{"line":323,"column":54}},"93":{"start":{"line":324,"column":4},"end":{"line":324,"column":41}},"94":{"start":{"line":325,"column":4},"end":{"line":325,"column":26}},"95":{"start":{"line":332,"column":4},"end":{"line":332,"column":30}},"96":{"start":{"line":333,"column":4},"end":{"line":333,"column":26}},"97":{"start":{"line":340,"column":4},"end":{"line":340,"column":36}},"98":{"start":{"line":351,"column":4},"end":{"line":354,"column":7}},"99":{"start":{"line":352,"column":6},"end":{"line":352,"column":47}},"100":{"start":{"line":353,"column":6},"end":{"line":353,"column":40}},"101":{"start":{"line":356,"column":4},"end":{"line":359,"column":7}},"102":{"start":{"line":357,"column":6},"end":{"line":357,"column":47}},"103":{"start":{"line":358,"column":6},"end":{"line":358,"column":40}},"104":{"start":{"line":361,"column":4},"end":{"line":364,"column":7}},"105":{"start":{"line":362,"column":6},"end":{"line":362,"column":28}},"106":{"start":{"line":363,"column":6},"end":{"line":363,"column":42}},"107":{"start":{"line":371,"column":4},"end":{"line":371,"column":43}},"108":{"start":{"line":372,"column":4},"end":{"line":372,"column":36}},"109":{"start":{"line":379,"column":4},"end":{"line":382,"column":5}},"110":{"start":{"line":380,"column":6},"end":{"line":380,"column":52}},"111":{"start":{"line":381,"column":6},"end":{"line":381,"column":64}},"112":{"start":{"line":389,"column":4},"end":{"line":389,"column":25}},"113":{"start":{"line":396,"column":4},"end":{"line":396,"column":25}},"114":{"start":{"line":398,"column":4},"end":{"line":400,"column":22}},"115":{"start":{"line":399,"column":6},"end":{"line":399,"column":28}},"116":{"start":{"line":407,"column":4},"end":{"line":410,"column":5}},"117":{"start":{"line":408,"column":6},"end":{"line":408,"column":40}},"118":{"start":{"line":409,"column":6},"end":{"line":409,"column":33}},"119":{"start":{"line":417,"column":4},"end":{"line":417,"column":31}},"120":{"start":{"line":418,"column":4},"end":{"line":418,"column":44}},"121":{"start":{"line":425,"column":4},"end":{"line":425,"column":25}},"122":{"start":{"line":426,"column":4},"end":{"line":426,"column":30}},"123":{"start":{"line":437,"column":4},"end":{"line":443,"column":5}},"124":{"start":{"line":438,"column":6},"end":{"line":438,"column":49}},"125":{"start":{"line":442,"column":6},"end":{"line":442,"column":22}},"126":{"start":{"line":450,"column":18},"end":{"line":450,"column":33}},"127":{"start":{"line":451,"column":4},"end":{"line":454,"column":63}},"128":{"start":{"line":461,"column":4},"end":{"line":461,"column":32}},"129":{"start":{"line":468,"column":4},"end":{"line":468,"column":24}},"130":{"start":{"line":35,"column":0},"end":{"line":35,"column":13}},"131":{"start":{"line":487,"column":22},"end":{"line":487,"column":100}},"132":{"start":{"line":489,"column":4},"end":{"line":495,"column":6}},"133":{"start":{"line":505,"column":4},"end":{"line":507,"column":5}},"134":{"start":{"line":506,"column":6},"end":{"line":506,"column":19}},"135":{"start":{"line":509,"column":4},"end":{"line":511,"column":5}},"136":{"start":{"line":510,"column":6},"end":{"line":510,"column":19}},"137":{"start":{"line":513,"column":4},"end":{"line":513,"column":16}},"138":{"start":{"line":520,"column":18},"end":{"line":520,"column":36}},"139":{"start":{"line":521,"column":23},"end":{"line":521,"column":27}},"140":{"start":{"line":522,"column":23},"end":{"line":522,"column":55}},"141":{"start":{"line":523,"column":27},"end":{"line":523,"column":66}},"142":{"start":{"line":525,"column":4},"end":{"line":525,"column":72}},"143":{"start":{"line":475,"column":0},"end":{"line":475,"column":13}}},"fnMap":{"0":{"name":"(anonymous_0)","decl":{"start":{"line":54,"column":2},"end":{"line":54,"column":null}},"loc":{"start":{"line":59,"column":38},"end":{"line":86,"column":3}}},"1":{"name":"(anonymous_1)","decl":{"start":{"line":92,"column":2},"end":{"line":92,"column":6}},"loc":{"start":{"line":92,"column":8},"end":{"line":94,"column":3}}},"2":{"name":"(anonymous_2)","decl":{"start":{"line":96,"column":2},"end":{"line":96,"column":6}},"loc":{"start":{"line":96,"column":14},"end":{"line":98,"column":3}}},"3":{"name":"(anonymous_3)","decl":{"start":{"line":100,"column":2},"end":{"line":100,"column":6}},"loc":{"start":{"line":100,"column":11},"end":{"line":102,"column":3}}},"4":{"name":"(anonymous_4)","decl":{"start":{"line":104,"column":2},"end":{"line":104,"column":6}},"loc":{"start":{"line":104,"column":15},"end":{"line":106,"column":3}}},"5":{"name":"(anonymous_5)","decl":{"start":{"line":108,"column":2},"end":{"line":108,"column":6}},"loc":{"start":{"line":108,"column":15},"end":{"line":110,"column":3}}},"6":{"name":"(anonymous_6)","decl":{"start":{"line":112,"column":2},"end":{"line":112,"column":6}},"loc":{"start":{"line":112,"column":18},"end":{"line":114,"column":3}}},"7":{"name":"(anonymous_7)","decl":{"start":{"line":116,"column":2},"end":{"line":116,"column":6}},"loc":{"start":{"line":116,"column":30},"end":{"line":119,"column":3}}},"8":{"name":"(anonymous_8)","decl":{"start":{"line":121,"column":2},"end":{"line":121,"column":6}},"loc":{"start":{"line":121,"column":14},"end":{"line":123,"column":3}}},"9":{"name":"(anonymous_9)","decl":{"start":{"line":125,"column":2},"end":{"line":125,"column":6}},"loc":{"start":{"line":125,"column":41},"end":{"line":127,"column":3}}},"10":{"name":"(anonymous_10)","decl":{"start":{"line":129,"column":2},"end":{"line":129,"column":6}},"loc":{"start":{"line":129,"column":20},"end":{"line":131,"column":3}}},"11":{"name":"(anonymous_11)","decl":{"start":{"line":133,"column":2},"end":{"line":133,"column":6}},"loc":{"start":{"line":133,"column":39},"end":{"line":135,"column":3}}},"12":{"name":"(anonymous_12)","decl":{"start":{"line":137,"column":2},"end":{"line":137,"column":6}},"loc":{"start":{"line":137,"column":13},"end":{"line":139,"column":3}}},"13":{"name":"(anonymous_13)","decl":{"start":{"line":141,"column":2},"end":{"line":141,"column":6}},"loc":{"start":{"line":141,"column":27},"end":{"line":144,"column":3}}},"14":{"name":"(anonymous_14)","decl":{"start":{"line":149,"column":2},"end":{"line":149,"column":16}},"loc":{"start":{"line":149,"column":16},"end":{"line":153,"column":3}}},"15":{"name":"(anonymous_15)","decl":{"start":{"line":158,"column":2},"end":{"line":158,"column":10}},"loc":{"start":{"line":158,"column":10},"end":{"line":161,"column":3}}},"16":{"name":"(anonymous_16)","decl":{"start":{"line":166,"column":2},"end":{"line":166,"column":11}},"loc":{"start":{"line":166,"column":11},"end":{"line":170,"column":3}}},"17":{"name":"(anonymous_17)","decl":{"start":{"line":175,"column":2},"end":{"line":175,"column":10}},"loc":{"start":{"line":175,"column":10},"end":{"line":190,"column":3}}},"18":{"name":"(anonymous_18)","decl":{"start":{"line":199,"column":2},"end":{"line":199,"column":7}},"loc":{"start":{"line":199,"column":15},"end":{"line":214,"column":3}}},"19":{"name":"(anonymous_19)","decl":{"start":{"line":219,"column":2},"end":{"line":219,"column":7}},"loc":{"start":{"line":219,"column":35},"end":{"line":238,"column":3}}},"20":{"name":"(anonymous_20)","decl":{"start":{"line":243,"column":2},"end":{"line":243,"column":7}},"loc":{"start":{"line":243,"column":34},"end":{"line":267,"column":3}}},"21":{"name":"(anonymous_21)","decl":{"start":{"line":272,"column":2},"end":{"line":272,"column":7}},"loc":{"start":{"line":272,"column":38},"end":{"line":289,"column":3}}},"22":{"name":"(anonymous_22)","decl":{"start":{"line":298,"column":2},"end":{"line":298,"column":9}},"loc":{"start":{"line":298,"column":26},"end":{"line":301,"column":3}}},"23":{"name":"(anonymous_23)","decl":{"start":{"line":306,"column":2},"end":{"line":306,"column":12}},"loc":{"start":{"line":306,"column":29},"end":{"line":309,"column":3}}},"24":{"name":"(anonymous_24)","decl":{"start":{"line":314,"column":2},"end":{"line":314,"column":9}},"loc":{"start":{"line":314,"column":26},"end":{"line":316,"column":3}}},"25":{"name":"(anonymous_25)","decl":{"start":{"line":321,"column":2},"end":{"line":321,"column":15}},"loc":{"start":{"line":321,"column":38},"end":{"line":326,"column":3}}},"26":{"name":"(anonymous_26)","decl":{"start":{"line":331,"column":2},"end":{"line":331,"column":16}},"loc":{"start":{"line":331,"column":16},"end":{"line":334,"column":3}}},"27":{"name":"(anonymous_27)","decl":{"start":{"line":339,"column":2},"end":{"line":339,"column":19}},"loc":{"start":{"line":339,"column":33},"end":{"line":341,"column":3}}},"28":{"name":"(anonymous_28)","decl":{"start":{"line":350,"column":10},"end":{"line":350,"column":33}},"loc":{"start":{"line":350,"column":33},"end":{"line":365,"column":3}}},"29":{"name":"(anonymous_29)","decl":{"start":{"line":351,"column":32},"end":{"line":351,"column":33}},"loc":{"start":{"line":351,"column":42},"end":{"line":354,"column":5}}},"30":{"name":"(anonymous_30)","decl":{"start":{"line":356,"column":37},"end":{"line":356,"column":40}},"loc":{"start":{"line":356,"column":42},"end":{"line":359,"column":5}}},"31":{"name":"(anonymous_31)","decl":{"start":{"line":361,"column":34},"end":{"line":361,"column":35}},"loc":{"start":{"line":361,"column":46},"end":{"line":364,"column":5}}},"32":{"name":"(anonymous_32)","decl":{"start":{"line":370,"column":10},"end":{"line":370,"column":31}},"loc":{"start":{"line":370,"column":44},"end":{"line":373,"column":3}}},"33":{"name":"(anonymous_33)","decl":{"start":{"line":378,"column":10},"end":{"line":378,"column":36}},"loc":{"start":{"line":378,"column":36},"end":{"line":383,"column":3}}},"34":{"name":"(anonymous_34)","decl":{"start":{"line":388,"column":10},"end":{"line":388,"column":33}},"loc":{"start":{"line":388,"column":33},"end":{"line":390,"column":3}}},"35":{"name":"(anonymous_35)","decl":{"start":{"line":395,"column":10},"end":{"line":395,"column":23}},"loc":{"start":{"line":395,"column":23},"end":{"line":401,"column":3}}},"36":{"name":"(anonymous_36)","decl":{"start":{"line":398,"column":37},"end":{"line":398,"column":40}},"loc":{"start":{"line":398,"column":42},"end":{"line":400,"column":5}}},"37":{"name":"(anonymous_37)","decl":{"start":{"line":406,"column":10},"end":{"line":406,"column":23}},"loc":{"start":{"line":406,"column":23},"end":{"line":411,"column":3}}},"38":{"name":"(anonymous_38)","decl":{"start":{"line":416,"column":10},"end":{"line":416,"column":24}},"loc":{"start":{"line":416,"column":24},"end":{"line":419,"column":3}}},"39":{"name":"(anonymous_39)","decl":{"start":{"line":424,"column":10},"end":{"line":424,"column":18}},"loc":{"start":{"line":424,"column":18},"end":{"line":427,"column":3}}},"40":{"name":"(anonymous_40)","decl":{"start":{"line":436,"column":2},"end":{"line":436,"column":7}},"loc":{"start":{"line":436,"column":15},"end":{"line":444,"column":3}}},"41":{"name":"(anonymous_41)","decl":{"start":{"line":449,"column":2},"end":{"line":449,"column":12}},"loc":{"start":{"line":449,"column":12},"end":{"line":455,"column":3}}},"42":{"name":"(anonymous_42)","decl":{"start":{"line":460,"column":2},"end":{"line":460,"column":16}},"loc":{"start":{"line":460,"column":40},"end":{"line":462,"column":3}}},"43":{"name":"(anonymous_43)","decl":{"start":{"line":467,"column":2},"end":{"line":467,"column":13}},"loc":{"start":{"line":467,"column":39},"end":{"line":469,"column":3}}},"44":{"name":"(anonymous_44)","decl":{"start":{"line":479,"column":2},"end":{"line":479,"column":8}},"loc":{"start":{"line":485,"column":10},"end":{"line":496,"column":3}}},"45":{"name":"(anonymous_45)","decl":{"start":{"line":501,"column":2},"end":{"line":501,"column":8}},"loc":{"start":{"line":504,"column":3},"end":{"line":514,"column":3}}},"46":{"name":"(anonymous_46)","decl":{"start":{"line":519,"column":2},"end":{"line":519,"column":8}},"loc":{"start":{"line":519,"column":59},"end":{"line":526,"column":3}}}},"branchMap":{"0":{"loc":{"start":{"line":58,"column":4},"end":{"line":58,"column":28}},"type":"default-arg","locations":[{"start":{"line":58,"column":22},"end":{"line":58,"column":28}}]},"1":{"loc":{"start":{"line":59,"column":4},"end":{"line":59,"column":38}},"type":"default-arg","locations":[{"start":{"line":59,"column":36},"end":{"line":59,"column":38}}]},"2":{"loc":{"start":{"line":159,"column":11},"end":{"line":160,"column":59}},"type":"binary-expr","locations":[{"start":{"line":159,"column":11},"end":{"line":159,"column":55}},{"start":{"line":160,"column":11},"end":{"line":160,"column":59}}]},"3":{"loc":{"start":{"line":178,"column":34},"end":{"line":180,"column":9}},"type":"cond-expr","locations":[{"start":{"line":179,"column":8},"end":{"line":179,"column":71}},{"start":{"line":180,"column":8},"end":{"line":180,"column":9}}]},"4":{"loc":{"start":{"line":188,"column":19},"end":{"line":188,"column":61}},"type":"binary-expr","locations":[{"start":{"line":188,"column":19},"end":{"line":188,"column":42}},{"start":{"line":188,"column":46},"end":{"line":188,"column":61}}]},"5":{"loc":{"start":{"line":200,"column":4},"end":{"line":202,"column":5}},"type":"if","locations":[{"start":{"line":200,"column":4},"end":{"line":202,"column":5}},{"start":{},"end":{}}]},"6":{"loc":{"start":{"line":220,"column":4},"end":{"line":222,"column":5}},"type":"if","locations":[{"start":{"line":220,"column":4},"end":{"line":222,"column":5}},{"start":{},"end":{}}]},"7":{"loc":{"start":{"line":226,"column":6},"end":{"line":228,"column":7}},"type":"if","locations":[{"start":{"line":226,"column":6},"end":{"line":228,"column":7}},{"start":{},"end":{}}]},"8":{"loc":{"start":{"line":244,"column":4},"end":{"line":246,"column":5}},"type":"if","locations":[{"start":{"line":244,"column":4},"end":{"line":246,"column":5}},{"start":{},"end":{}}]},"9":{"loc":{"start":{"line":256,"column":6},"end":{"line":258,"column":7}},"type":"if","locations":[{"start":{"line":256,"column":6},"end":{"line":258,"column":7}},{"start":{},"end":{}}]},"10":{"loc":{"start":{"line":279,"column":6},"end":{"line":281,"column":7}},"type":"if","locations":[{"start":{"line":279,"column":6},"end":{"line":281,"column":7}},{"start":{},"end":{}}]},"11":{"loc":{"start":{"line":379,"column":4},"end":{"line":382,"column":5}},"type":"if","locations":[{"start":{"line":379,"column":4},"end":{"line":382,"column":5}},{"start":{},"end":{}}]},"12":{"loc":{"start":{"line":407,"column":4},"end":{"line":410,"column":5}},"type":"if","locations":[{"start":{"line":407,"column":4},"end":{"line":410,"column":5}},{"start":{},"end":{}}]},"13":{"loc":{"start":{"line":482,"column":4},"end":{"line":485,"column":10}},"type":"default-arg","locations":[{"start":{"line":485,"column":8},"end":{"line":485,"column":10}}]},"14":{"loc":{"start":{"line":505,"column":4},"end":{"line":507,"column":5}},"type":"if","locations":[{"start":{"line":505,"column":4},"end":{"line":507,"column":5}},{"start":{},"end":{}}]},"15":{"loc":{"start":{"line":505,"column":8},"end":{"line":505,"column":77}},"type":"binary-expr","locations":[{"start":{"line":505,"column":8},"end":{"line":505,"column":22}},{"start":{"line":505,"column":27},"end":{"line":505,"column":48}},{"start":{"line":505,"column":52},"end":{"line":505,"column":76}}]},"16":{"loc":{"start":{"line":509,"column":4},"end":{"line":511,"column":5}},"type":"if","locations":[{"start":{"line":509,"column":4},"end":{"line":511,"column":5}},{"start":{},"end":{}}]},"17":{"loc":{"start":{"line":509,"column":8},"end":{"line":509,"column":85}},"type":"binary-expr","locations":[{"start":{"line":509,"column":8},"end":{"line":509,"column":24}},{"start":{"line":509,"column":29},"end":{"line":509,"column":52}},{"start":{"line":509,"column":56},"end":{"line":509,"column":84}}]}},"s":{"0":1,"1":1,"2":0,"3":0,"4":0,"5":0,"6":0,"7":0,"8":0,"9":0,"10":0,"11":0,"12":0,"13":0,"14":0,"15":0,"16":0,"17":0,"18":0,"19":0,"20":0,"21":0,"22":0,"23":0,"24":0,"25":0,"26":0,"27":0,"28":0,"29":0,"30":0,"31":0,"32":0,"33":0,"34":0,"35":0,"36":0,"37":0,"38":0,"39":0,"40":0,"41":0,"42":0,"43":0,"44":0,"45":0,"46":0,"47":0,"48":0,"49":0,"50":0,"51":0,"52":0,"53":0,"54":0,"55":0,"56":0,"57":0,"58":0,"59":0,"60":0,"61":0,"62":0,"63":0,"64":0,"65":0,"66":0,"67":0,"68":0,"69":0,"70":0,"71":0,"72":0,"73":0,"74":0,"75":0,"76":0,"77":0,"78":0,"79":0,"80":0,"81":0,"82":0,"83":0,"84":0,"85":0,"86":0,"87":0,"88":0,"89":0,"90":0,"91":0,"92":0,"93":0,"94":0,"95":0,"96":0,"97":0,"98":0,"99":0,"100":0,"101":0,"102":0,"103":0,"104":0,"105":0,"106":0,"107":0,"108":0,"109":0,"110":0,"111":0,"112":0,"113":0,"114":0,"115":0,"116":0,"117":0,"118":0,"119":0,"120":0,"121":0,"122":0,"123":0,"124":0,"125":0,"126":0,"127":0,"128":0,"129":0,"130":1,"131":0,"132":0,"133":0,"134":0,"135":0,"136":0,"137":0,"138":0,"139":0,"140":0,"141":0,"142":0,"143":1},"f":{"0":0,"1":0,"2":0,"3":0,"4":0,"5":0,"6":0,"7":0,"8":0,"9":0,"10":0,"11":0,"12":0,"13":0,"14":0,"15":0,"16":0,"17":0,"18":0,"19":0,"20":0,"21":0,"22":0,"23":0,"24":0,"25":0,"26":0,"27":0,"28":0,"29":0,"30":0,"31":0,"32":0,"33":0,"34":0,"35":0,"36":0,"37":0,"38":0,"39":0,"40":0,"41":0,"42":0,"43":0,"44":0,"45":0,"46":0},"b":{"0":[0],"1":[0],"2":[0,0],"3":[0,0],"4":[0,0],"5":[0,0],"6":[0,0],"7":[0,0],"8":[0,0],"9":[0,0],"10":[0,0],"11":[0,0],"12":[0,0],"13":[0],"14":[0,0],"15":[0,0,0],"16":[0,0],"17":[0,0,0]}}
,"C:\\Users\\gl0022\\Documents\\GitHub\\bitbucket-mcp-server\\src\\server\\mcp-server.ts": {"path":"C:\\Users\\gl0022\\Documents\\GitHub\\bitbucket-mcp-server\\src\\server\\mcp-server.ts","statementMap":{"0":{"start":{"line":24,"column":0},"end":{"line":24,"column":38}},"1":{"start":{"line":25,"column":0},"end":{"line":25,"column":null}},"2":{"start":{"line":40,"column":0},"end":{"line":40,"column":86}},"3":{"start":{"line":41,"column":0},"end":{"line":41,"column":47}},"4":{"start":{"line":63,"column":4},"end":{"line":63,"column":12}},"5":{"start":{"line":49,"column":10},"end":{"line":49,"column":38}},"6":{"start":{"line":50,"column":10},"end":{"line":50,"column":41}},"7":{"start":{"line":51,"column":10},"end":{"line":51,"column":60}},"8":{"start":{"line":53,"column":10},"end":{"line":53,"column":65}},"9":{"start":{"line":54,"column":10},"end":{"line":54,"column":57}},"10":{"start":{"line":65,"column":4},"end":{"line":65,"column":33}},"11":{"start":{"line":66,"column":4},"end":{"line":71,"column":6}},"12":{"start":{"line":74,"column":4},"end":{"line":79,"column":7}},"13":{"start":{"line":82,"column":4},"end":{"line":82,"column":31}},"14":{"start":{"line":90,"column":4},"end":{"line":90,"column":31}},"15":{"start":{"line":94,"column":4},"end":{"line":94,"column":27}},"16":{"start":{"line":98,"column":4},"end":{"line":98,"column":90}},"17":{"start":{"line":98,"column":70},"end":{"line":98,"column":87}},"18":{"start":{"line":102,"column":4},"end":{"line":102,"column":30}},"19":{"start":{"line":106,"column":4},"end":{"line":106,"column":35}},"20":{"start":{"line":110,"column":4},"end":{"line":110,"column":37}},"21":{"start":{"line":114,"column":16},"end":{"line":114,"column":26}},"22":{"start":{"line":115,"column":19},"end":{"line":115,"column":82}},"23":{"start":{"line":116,"column":27},"end":{"line":116,"column":95}},"24":{"start":{"line":116,"column":75},"end":{"line":116,"column":87}},"25":{"start":{"line":117,"column":32},"end":{"line":119,"column":9}},"26":{"start":{"line":120,"column":22},"end":{"line":122,"column":9}},"27":{"start":{"line":124,"column":4},"end":{"line":133,"column":6}},"28":{"start":{"line":144,"column":4},"end":{"line":146,"column":5}},"29":{"start":{"line":145,"column":6},"end":{"line":145,"column":51}},"30":{"start":{"line":148,"column":4},"end":{"line":167,"column":5}},"31":{"start":{"line":150,"column":6},"end":{"line":150,"column":34}},"32":{"start":{"line":153,"column":6},"end":{"line":153,"column":41}},"33":{"start":{"line":156,"column":6},"end":{"line":156,"column":37}},"34":{"start":{"line":158,"column":6},"end":{"line":158,"column":29}},"35":{"start":{"line":159,"column":6},"end":{"line":159,"column":35}},"36":{"start":{"line":161,"column":6},"end":{"line":161,"column":40}},"37":{"start":{"line":162,"column":6},"end":{"line":162,"column":59}},"38":{"start":{"line":164,"column":6},"end":{"line":164,"column":45}},"39":{"start":{"line":165,"column":6},"end":{"line":165,"column":62}},"40":{"start":{"line":166,"column":6},"end":{"line":166,"column":18}},"41":{"start":{"line":174,"column":4},"end":{"line":176,"column":5}},"42":{"start":{"line":175,"column":6},"end":{"line":175,"column":13}},"43":{"start":{"line":178,"column":4},"end":{"line":199,"column":5}},"44":{"start":{"line":179,"column":6},"end":{"line":179,"column":50}},"45":{"start":{"line":182,"column":6},"end":{"line":182,"column":36}},"46":{"start":{"line":185,"column":6},"end":{"line":185,"column":42}},"47":{"start":{"line":188,"column":6},"end":{"line":188,"column":35}},"48":{"start":{"line":190,"column":6},"end":{"line":190,"column":30}},"49":{"start":{"line":191,"column":6},"end":{"line":191,"column":29}},"50":{"start":{"line":193,"column":6},"end":{"line":193,"column":40}},"51":{"start":{"line":194,"column":6},"end":{"line":194,"column":59}},"52":{"start":{"line":196,"column":6},"end":{"line":196,"column":45}},"53":{"start":{"line":197,"column":6},"end":{"line":197,"column":61}},"54":{"start":{"line":198,"column":6},"end":{"line":198,"column":18}},"55":{"start":{"line":206,"column":4},"end":{"line":206,"column":50}},"56":{"start":{"line":207,"column":4},"end":{"line":207,"column":22}},"57":{"start":{"line":208,"column":4},"end":{"line":208,"column":23}},"58":{"start":{"line":219,"column":4},"end":{"line":221,"column":5}},"59":{"start":{"line":220,"column":6},"end":{"line":220,"column":47}},"60":{"start":{"line":224,"column":4},"end":{"line":226,"column":5}},"61":{"start":{"line":225,"column":6},"end":{"line":225,"column":90}},"62":{"start":{"line":229,"column":28},"end":{"line":230,"column":75}},"63":{"start":{"line":230,"column":23},"end":{"line":230,"column":74}},"64":{"start":{"line":232,"column":4},"end":{"line":234,"column":5}},"65":{"start":{"line":233,"column":6},"end":{"line":233,"column":74}},"66":{"start":{"line":236,"column":4},"end":{"line":263,"column":5}},"67":{"start":{"line":238,"column":22},"end":{"line":244,"column":8}},"68":{"start":{"line":247,"column":6},"end":{"line":247,"column":47}},"69":{"start":{"line":250,"column":6},"end":{"line":250,"column":46}},"70":{"start":{"line":253,"column":6},"end":{"line":253,"column":30}},"71":{"start":{"line":255,"column":6},"end":{"line":255,"column":44}},"72":{"start":{"line":256,"column":6},"end":{"line":256,"column":75}},"73":{"start":{"line":258,"column":6},"end":{"line":258,"column":21}},"74":{"start":{"line":260,"column":6},"end":{"line":260,"column":46}},"75":{"start":{"line":261,"column":6},"end":{"line":261,"column":83}},"76":{"start":{"line":262,"column":6},"end":{"line":262,"column":18}},"77":{"start":{"line":270,"column":20},"end":{"line":270,"column":49}},"78":{"start":{"line":271,"column":4},"end":{"line":273,"column":5}},"79":{"start":{"line":272,"column":6},"end":{"line":272,"column":13}},"80":{"start":{"line":275,"column":4},"end":{"line":291,"column":5}},"81":{"start":{"line":277,"column":6},"end":{"line":277,"column":60}},"82":{"start":{"line":280,"column":6},"end":{"line":280,"column":39}},"83":{"start":{"line":283,"column":6},"end":{"line":283,"column":30}},"84":{"start":{"line":285,"column":6},"end":{"line":285,"column":46}},"85":{"start":{"line":286,"column":6},"end":{"line":286,"column":64}},"86":{"start":{"line":288,"column":6},"end":{"line":288,"column":49}},"87":{"start":{"line":289,"column":6},"end":{"line":289,"column":71}},"88":{"start":{"line":290,"column":6},"end":{"line":290,"column":18}},"89":{"start":{"line":298,"column":4},"end":{"line":298,"column":92}},"90":{"start":{"line":298,"column":65},"end":{"line":298,"column":83}},"91":{"start":{"line":305,"column":4},"end":{"line":305,"column":41}},"92":{"start":{"line":312,"column":4},"end":{"line":313,"column":76}},"93":{"start":{"line":313,"column":23},"end":{"line":313,"column":74}},"94":{"start":{"line":324,"column":4},"end":{"line":341,"column":5}},"95":{"start":{"line":326,"column":6},"end":{"line":326,"column":50}},"96":{"start":{"line":328,"column":6},"end":{"line":328,"column":41}},"97":{"start":{"line":329,"column":6},"end":{"line":329,"column":57}},"98":{"start":{"line":332,"column":6},"end":{"line":336,"column":7}},"99":{"start":{"line":333,"column":8},"end":{"line":335,"column":9}},"100":{"start":{"line":334,"column":10},"end":{"line":334,"column":37}},"101":{"start":{"line":338,"column":6},"end":{"line":338,"column":60}},"102":{"start":{"line":339,"column":6},"end":{"line":339,"column":73}},"103":{"start":{"line":340,"column":6},"end":{"line":340,"column":18}},"104":{"start":{"line":348,"column":4},"end":{"line":367,"column":5}},"105":{"start":{"line":350,"column":22},"end":{"line":350,"column":71}},"106":{"start":{"line":352,"column":6},"end":{"line":362,"column":7}},"107":{"start":{"line":353,"column":8},"end":{"line":353,"column":49}},"108":{"start":{"line":354,"column":8},"end":{"line":354,"column":60}},"109":{"start":{"line":357,"column":8},"end":{"line":361,"column":9}},"110":{"start":{"line":358,"column":10},"end":{"line":360,"column":11}},"111":{"start":{"line":359,"column":12},"end":{"line":359,"column":41}},"112":{"start":{"line":364,"column":6},"end":{"line":364,"column":61}},"113":{"start":{"line":365,"column":6},"end":{"line":365,"column":74}},"114":{"start":{"line":366,"column":6},"end":{"line":366,"column":18}},"115":{"start":{"line":374,"column":4},"end":{"line":374,"column":50}},"116":{"start":{"line":381,"column":4},"end":{"line":381,"column":48}},"117":{"start":{"line":388,"column":4},"end":{"line":388,"column":59}},"118":{"start":{"line":395,"column":4},"end":{"line":395,"column":49}},"119":{"start":{"line":402,"column":4},"end":{"line":402,"column":53}},"120":{"start":{"line":409,"column":4},"end":{"line":409,"column":49}},"121":{"start":{"line":416,"column":4},"end":{"line":416,"column":51}},"122":{"start":{"line":423,"column":4},"end":{"line":423,"column":52}},"123":{"start":{"line":430,"column":22},"end":{"line":430,"column":32}},"124":{"start":{"line":432,"column":4},"end":{"line":502,"column":5}},"125":{"start":{"line":434,"column":22},"end":{"line":434,"column":51}},"126":{"start":{"line":435,"column":6},"end":{"line":437,"column":7}},"127":{"start":{"line":436,"column":8},"end":{"line":436,"column":69}},"128":{"start":{"line":440,"column":19},"end":{"line":440,"column":55}},"129":{"start":{"line":441,"column":6},"end":{"line":443,"column":7}},"130":{"start":{"line":442,"column":8},"end":{"line":442,"column":67}},"131":{"start":{"line":446,"column":6},"end":{"line":448,"column":7}},"132":{"start":{"line":447,"column":8},"end":{"line":447,"column":83}},"133":{"start":{"line":451,"column":6},"end":{"line":451,"column":34}},"134":{"start":{"line":452,"column":6},"end":{"line":452,"column":31}},"135":{"start":{"line":455,"column":21},"end":{"line":468,"column":8}},"136":{"start":{"line":471,"column":28},"end":{"line":471,"column":50}},"137":{"start":{"line":472,"column":6},"end":{"line":472,"column":39}},"138":{"start":{"line":473,"column":6},"end":{"line":473,"column":53}},"139":{"start":{"line":474,"column":6},"end":{"line":474,"column":31}},"140":{"start":{"line":475,"column":6},"end":{"line":475,"column":43}},"141":{"start":{"line":477,"column":6},"end":{"line":477,"column":60}},"142":{"start":{"line":478,"column":6},"end":{"line":478,"column":77}},"143":{"start":{"line":480,"column":6},"end":{"line":480,"column":20}},"144":{"start":{"line":482,"column":28},"end":{"line":482,"column":50}},"145":{"start":{"line":483,"column":6},"end":{"line":483,"column":32}},"146":{"start":{"line":484,"column":6},"end":{"line":484,"column":53}},"147":{"start":{"line":486,"column":6},"end":{"line":486,"column":78}},"148":{"start":{"line":487,"column":6},"end":{"line":487,"column":70}},"149":{"start":{"line":489,"column":6},"end":{"line":501,"column":8}},"150":{"start":{"line":513,"column":24},"end":{"line":513,"column":53}},"151":{"start":{"line":514,"column":24},"end":{"line":514,"column":48}},"152":{"start":{"line":515,"column":27},"end":{"line":515,"column":56}},"153":{"start":{"line":516,"column":24},"end":{"line":516,"column":47}},"154":{"start":{"line":517,"column":22},"end":{"line":519,"column":9}},"155":{"start":{"line":521,"column":29},"end":{"line":521,"column":31}},"156":{"start":{"line":524,"column":4},"end":{"line":526,"column":5}},"157":{"start":{"line":525,"column":6},"end":{"line":525,"column":39}},"158":{"start":{"line":529,"column":4},"end":{"line":531,"column":5}},"159":{"start":{"line":530,"column":6},"end":{"line":530,"column":40}},"160":{"start":{"line":534,"column":4},"end":{"line":536,"column":5}},"161":{"start":{"line":535,"column":6},"end":{"line":535,"column":37}},"162":{"start":{"line":539,"column":60},"end":{"line":539,"column":69}},"163":{"start":{"line":540,"column":4},"end":{"line":545,"column":5}},"164":{"start":{"line":541,"column":6},"end":{"line":541,"column":52}},"165":{"start":{"line":542,"column":6},"end":{"line":544,"column":7}},"166":{"start":{"line":543,"column":8},"end":{"line":543,"column":54}},"167":{"start":{"line":547,"column":19},"end":{"line":548,"column":63}},"168":{"start":{"line":550,"column":4},"end":{"line":568,"column":6}},"169":{"start":{"line":576,"column":4},"end":{"line":578,"column":5}},"170":{"start":{"line":577,"column":6},"end":{"line":577,"column":62}},"171":{"start":{"line":580,"column":4},"end":{"line":582,"column":5}},"172":{"start":{"line":581,"column":6},"end":{"line":581,"column":59}},"173":{"start":{"line":584,"column":4},"end":{"line":586,"column":5}},"174":{"start":{"line":585,"column":6},"end":{"line":585,"column":62}},"175":{"start":{"line":588,"column":4},"end":{"line":590,"column":5}},"176":{"start":{"line":589,"column":6},"end":{"line":589,"column":60}},"177":{"start":{"line":593,"column":4},"end":{"line":597,"column":5}},"178":{"start":{"line":594,"column":6},"end":{"line":596,"column":7}},"179":{"start":{"line":595,"column":8},"end":{"line":595,"column":54}},"180":{"start":{"line":599,"column":4},"end":{"line":599,"column":16}},"181":{"start":{"line":611,"column":4},"end":{"line":611,"column":63}},"182":{"start":{"line":611,"column":31},"end":{"line":611,"column":61}},"183":{"start":{"line":612,"column":4},"end":{"line":612,"column":65}},"184":{"start":{"line":612,"column":32},"end":{"line":612,"column":63}},"185":{"start":{"line":615,"column":4},"end":{"line":618,"column":7}},"186":{"start":{"line":616,"column":6},"end":{"line":616,"column":54}},"187":{"start":{"line":617,"column":6},"end":{"line":617,"column":45}},"188":{"start":{"line":620,"column":4},"end":{"line":623,"column":7}},"189":{"start":{"line":621,"column":6},"end":{"line":621,"column":56}},"190":{"start":{"line":622,"column":6},"end":{"line":622,"column":65}},"191":{"start":{"line":630,"column":4},"end":{"line":633,"column":7}},"192":{"start":{"line":631,"column":6},"end":{"line":631,"column":82}},"193":{"start":{"line":635,"column":4},"end":{"line":640,"column":7}},"194":{"start":{"line":636,"column":6},"end":{"line":636,"column":58}},"195":{"start":{"line":637,"column":6},"end":{"line":639,"column":9}},"196":{"start":{"line":638,"column":8},"end":{"line":638,"column":85}},"197":{"start":{"line":642,"column":4},"end":{"line":645,"column":7}},"198":{"start":{"line":643,"column":6},"end":{"line":643,"column":64}},"199":{"start":{"line":644,"column":6},"end":{"line":644,"column":49}},"200":{"start":{"line":652,"column":4},"end":{"line":656,"column":5}},"201":{"start":{"line":655,"column":6},"end":{"line":655,"column":75}},"202":{"start":{"line":663,"column":4},"end":{"line":672,"column":5}},"203":{"start":{"line":664,"column":6},"end":{"line":671,"column":7}},"204":{"start":{"line":665,"column":8},"end":{"line":667,"column":9}},"205":{"start":{"line":666,"column":10},"end":{"line":666,"column":39}},"206":{"start":{"line":668,"column":8},"end":{"line":668,"column":56}},"207":{"start":{"line":670,"column":8},"end":{"line":670,"column":70}},"208":{"start":{"line":673,"column":4},"end":{"line":673,"column":29}},"209":{"start":{"line":680,"column":31},"end":{"line":683,"column":null}},"210":{"start":{"line":681,"column":6},"end":{"line":683,"column":8}},"211":{"start":{"line":682,"column":8},"end":{"line":682,"column":80}},"212":{"start":{"line":686,"column":4},"end":{"line":686,"column":42}},"213":{"start":{"line":687,"column":4},"end":{"line":687,"column":27}},"214":{"start":{"line":694,"column":4},"end":{"line":696,"column":14}},"215":{"start":{"line":695,"column":6},"end":{"line":695,"column":29}},"216":{"start":{"line":703,"column":4},"end":{"line":706,"column":5}},"217":{"start":{"line":704,"column":6},"end":{"line":704,"column":43}},"218":{"start":{"line":705,"column":6},"end":{"line":705,"column":35}},"219":{"start":{"line":713,"column":4},"end":{"line":733,"column":5}},"220":{"start":{"line":715,"column":30},"end":{"line":716,"column":47}},"221":{"start":{"line":716,"column":27},"end":{"line":716,"column":46}},"222":{"start":{"line":718,"column":6},"end":{"line":723,"column":7}},"223":{"start":{"line":719,"column":8},"end":{"line":719,"column":72}},"224":{"start":{"line":720,"column":8},"end":{"line":722,"column":11}},"225":{"start":{"line":721,"column":10},"end":{"line":721,"column":88}},"226":{"start":{"line":726,"column":26},"end":{"line":726,"column":55}},"227":{"start":{"line":727,"column":6},"end":{"line":729,"column":7}},"228":{"start":{"line":728,"column":8},"end":{"line":728,"column":91}},"229":{"start":{"line":732,"column":6},"end":{"line":732,"column":56}},"230":{"start":{"line":740,"column":4},"end":{"line":740,"column":73}},"231":{"start":{"line":741,"column":4},"end":{"line":747,"column":5}},"232":{"start":{"line":742,"column":6},"end":{"line":742,"column":24}},"233":{"start":{"line":743,"column":6},"end":{"line":743,"column":22}},"234":{"start":{"line":745,"column":6},"end":{"line":745,"column":57}},"235":{"start":{"line":746,"column":6},"end":{"line":746,"column":22}},"236":{"start":{"line":754,"column":4},"end":{"line":754,"column":42}},"237":{"start":{"line":761,"column":46},"end":{"line":761,"column":55}},"238":{"start":{"line":762,"column":4},"end":{"line":764,"column":5}},"239":{"start":{"line":763,"column":6},"end":{"line":763,"column":41}},"240":{"start":{"line":765,"column":4},"end":{"line":765,"column":17}},"241":{"start":{"line":773,"column":22},"end":{"line":773,"column":46}},"242":{"start":{"line":774,"column":23},"end":{"line":774,"column":75}},"243":{"start":{"line":776,"column":4},"end":{"line":780,"column":5}},"244":{"start":{"line":777,"column":6},"end":{"line":777,"column":39}},"245":{"start":{"line":779,"column":6},"end":{"line":779,"column":30}},"246":{"start":{"line":47,"column":0},"end":{"line":47,"column":13}}},"fnMap":{"0":{"name":"(anonymous_0)","decl":{"start":{"line":62,"column":2},"end":{"line":62,"column":14}},"loc":{"start":{"line":62,"column":34},"end":{"line":83,"column":3}}},"1":{"name":"(anonymous_1)","decl":{"start":{"line":89,"column":2},"end":{"line":89,"column":6}},"loc":{"start":{"line":89,"column":12},"end":{"line":91,"column":3}}},"2":{"name":"(anonymous_2)","decl":{"start":{"line":93,"column":2},"end":{"line":93,"column":6}},"loc":{"start":{"line":93,"column":15},"end":{"line":95,"column":3}}},"3":{"name":"(anonymous_3)","decl":{"start":{"line":97,"column":2},"end":{"line":97,"column":6}},"loc":{"start":{"line":97,"column":11},"end":{"line":99,"column":3}}},"4":{"name":"(anonymous_4)","decl":{"start":{"line":98,"column":62},"end":{"line":98,"column":66}},"loc":{"start":{"line":98,"column":70},"end":{"line":98,"column":87}}},"5":{"name":"(anonymous_5)","decl":{"start":{"line":101,"column":2},"end":{"line":101,"column":6}},"loc":{"start":{"line":101,"column":18},"end":{"line":103,"column":3}}},"6":{"name":"(anonymous_6)","decl":{"start":{"line":105,"column":2},"end":{"line":105,"column":6}},"loc":{"start":{"line":105,"column":14},"end":{"line":107,"column":3}}},"7":{"name":"(anonymous_7)","decl":{"start":{"line":109,"column":2},"end":{"line":109,"column":6}},"loc":{"start":{"line":109,"column":16},"end":{"line":111,"column":3}}},"8":{"name":"(anonymous_8)","decl":{"start":{"line":113,"column":2},"end":{"line":113,"column":6}},"loc":{"start":{"line":113,"column":11},"end":{"line":134,"column":3}}},"9":{"name":"(anonymous_9)","decl":{"start":{"line":116,"column":70},"end":{"line":116,"column":71}},"loc":{"start":{"line":116,"column":75},"end":{"line":116,"column":87}}},"10":{"name":"(anonymous_10)","decl":{"start":{"line":143,"column":2},"end":{"line":143,"column":7}},"loc":{"start":{"line":143,"column":13},"end":{"line":168,"column":3}}},"11":{"name":"(anonymous_11)","decl":{"start":{"line":173,"column":2},"end":{"line":173,"column":7}},"loc":{"start":{"line":173,"column":12},"end":{"line":200,"column":3}}},"12":{"name":"(anonymous_12)","decl":{"start":{"line":205,"column":2},"end":{"line":205,"column":7}},"loc":{"start":{"line":205,"column":15},"end":{"line":209,"column":3}}},"13":{"name":"(anonymous_13)","decl":{"start":{"line":218,"column":2},"end":{"line":218,"column":7}},"loc":{"start":{"line":218,"column":60},"end":{"line":264,"column":3}}},"14":{"name":"(anonymous_14)","decl":{"start":{"line":230,"column":12},"end":{"line":230,"column":19}},"loc":{"start":{"line":230,"column":23},"end":{"line":230,"column":74}}},"15":{"name":"(anonymous_15)","decl":{"start":{"line":269,"column":2},"end":{"line":269,"column":7}},"loc":{"start":{"line":269,"column":39},"end":{"line":292,"column":3}}},"16":{"name":"(anonymous_16)","decl":{"start":{"line":297,"column":2},"end":{"line":297,"column":24}},"loc":{"start":{"line":297,"column":24},"end":{"line":299,"column":3}}},"17":{"name":"(anonymous_17)","decl":{"start":{"line":298,"column":54},"end":{"line":298,"column":61}},"loc":{"start":{"line":298,"column":65},"end":{"line":298,"column":83}}},"18":{"name":"(anonymous_18)","decl":{"start":{"line":304,"column":2},"end":{"line":304,"column":12}},"loc":{"start":{"line":304,"column":30},"end":{"line":306,"column":3}}},"19":{"name":"(anonymous_19)","decl":{"start":{"line":311,"column":2},"end":{"line":311,"column":22}},"loc":{"start":{"line":311,"column":39},"end":{"line":314,"column":3}}},"20":{"name":"(anonymous_20)","decl":{"start":{"line":313,"column":12},"end":{"line":313,"column":19}},"loc":{"start":{"line":313,"column":23},"end":{"line":313,"column":74}}},"21":{"name":"(anonymous_21)","decl":{"start":{"line":323,"column":2},"end":{"line":323,"column":7}},"loc":{"start":{"line":323,"column":31},"end":{"line":342,"column":3}}},"22":{"name":"(anonymous_22)","decl":{"start":{"line":347,"column":2},"end":{"line":347,"column":7}},"loc":{"start":{"line":347,"column":39},"end":{"line":368,"column":3}}},"23":{"name":"(anonymous_23)","decl":{"start":{"line":373,"column":2},"end":{"line":373,"column":19}},"loc":{"start":{"line":373,"column":19},"end":{"line":375,"column":3}}},"24":{"name":"(anonymous_24)","decl":{"start":{"line":380,"column":2},"end":{"line":380,"column":9}},"loc":{"start":{"line":380,"column":26},"end":{"line":382,"column":3}}},"25":{"name":"(anonymous_25)","decl":{"start":{"line":387,"column":2},"end":{"line":387,"column":20}},"loc":{"start":{"line":387,"column":37},"end":{"line":389,"column":3}}},"26":{"name":"(anonymous_26)","decl":{"start":{"line":394,"column":2},"end":{"line":394,"column":13}},"loc":{"start":{"line":394,"column":27},"end":{"line":396,"column":3}}},"27":{"name":"(anonymous_27)","decl":{"start":{"line":401,"column":2},"end":{"line":401,"column":14}},"loc":{"start":{"line":401,"column":31},"end":{"line":403,"column":3}}},"28":{"name":"(anonymous_28)","decl":{"start":{"line":408,"column":2},"end":{"line":408,"column":18}},"loc":{"start":{"line":408,"column":18},"end":{"line":410,"column":3}}},"29":{"name":"(anonymous_29)","decl":{"start":{"line":415,"column":2},"end":{"line":415,"column":12}},"loc":{"start":{"line":415,"column":29},"end":{"line":417,"column":3}}},"30":{"name":"(anonymous_30)","decl":{"start":{"line":422,"column":2},"end":{"line":422,"column":13}},"loc":{"start":{"line":422,"column":30},"end":{"line":424,"column":3}}},"31":{"name":"(anonymous_31)","decl":{"start":{"line":429,"column":2},"end":{"line":429,"column":7}},"loc":{"start":{"line":429,"column":84},"end":{"line":503,"column":3}}},"32":{"name":"(anonymous_32)","decl":{"start":{"line":512,"column":2},"end":{"line":512,"column":17}},"loc":{"start":{"line":512,"column":17},"end":{"line":569,"column":3}}},"33":{"name":"(anonymous_33)","decl":{"start":{"line":574,"column":2},"end":{"line":574,"column":7}},"loc":{"start":{"line":574,"column":22},"end":{"line":600,"column":3}}},"34":{"name":"(anonymous_34)","decl":{"start":{"line":609,"column":10},"end":{"line":609,"column":29}},"loc":{"start":{"line":609,"column":29},"end":{"line":624,"column":3}}},"35":{"name":"(anonymous_35)","decl":{"start":{"line":611,"column":25},"end":{"line":611,"column":28}},"loc":{"start":{"line":611,"column":31},"end":{"line":611,"column":61}}},"36":{"name":"(anonymous_36)","decl":{"start":{"line":612,"column":26},"end":{"line":612,"column":29}},"loc":{"start":{"line":612,"column":32},"end":{"line":612,"column":63}}},"37":{"name":"(anonymous_37)","decl":{"start":{"line":615,"column":36},"end":{"line":615,"column":37}},"loc":{"start":{"line":615,"column":46},"end":{"line":618,"column":5}}},"38":{"name":"(anonymous_38)","decl":{"start":{"line":620,"column":37},"end":{"line":620,"column":38}},"loc":{"start":{"line":620,"column":48},"end":{"line":623,"column":5}}},"39":{"name":"(anonymous_39)","decl":{"start":{"line":629,"column":10},"end":{"line":629,"column":36}},"loc":{"start":{"line":629,"column":59},"end":{"line":646,"column":3}}},"40":{"name":"(anonymous_40)","decl":{"start":{"line":630,"column":31},"end":{"line":630,"column":32}},"loc":{"start":{"line":630,"column":51},"end":{"line":633,"column":5}}},"41":{"name":"(anonymous_41)","decl":{"start":{"line":635,"column":26},"end":{"line":635,"column":27}},"loc":{"start":{"line":635,"column":38},"end":{"line":640,"column":5}}},"42":{"name":"(anonymous_42)","decl":{"start":{"line":637,"column":43},"end":{"line":637,"column":48}},"loc":{"start":{"line":637,"column":51},"end":{"line":639,"column":7}}},"43":{"name":"(anonymous_43)","decl":{"start":{"line":642,"column":24},"end":{"line":642,"column":25}},"loc":{"start":{"line":642,"column":43},"end":{"line":645,"column":5}}},"44":{"name":"(anonymous_44)","decl":{"start":{"line":651,"column":10},"end":{"line":651,"column":15}},"loc":{"start":{"line":651,"column":37},"end":{"line":657,"column":3}}},"45":{"name":"(anonymous_45)","decl":{"start":{"line":662,"column":10},"end":{"line":662,"column":15}},"loc":{"start":{"line":662,"column":31},"end":{"line":674,"column":3}}},"46":{"name":"(anonymous_46)","decl":{"start":{"line":679,"column":10},"end":{"line":679,"column":15}},"loc":{"start":{"line":679,"column":38},"end":{"line":688,"column":3}}},"47":{"name":"(anonymous_47)","decl":{"start":{"line":680,"column":71},"end":{"line":680,"column":78}},"loc":{"start":{"line":681,"column":6},"end":{"line":683,"column":8}}},"48":{"name":"(anonymous_48)","decl":{"start":{"line":681,"column":55},"end":{"line":681,"column":60}},"loc":{"start":{"line":681,"column":63},"end":{"line":683,"column":7}}},"49":{"name":"(anonymous_49)","decl":{"start":{"line":693,"column":10},"end":{"line":693,"column":33}},"loc":{"start":{"line":693,"column":33},"end":{"line":697,"column":3}}},"50":{"name":"(anonymous_50)","decl":{"start":{"line":694,"column":40},"end":{"line":694,"column":43}},"loc":{"start":{"line":694,"column":45},"end":{"line":696,"column":5}}},"51":{"name":"(anonymous_51)","decl":{"start":{"line":702,"column":10},"end":{"line":702,"column":32}},"loc":{"start":{"line":702,"column":32},"end":{"line":707,"column":3}}},"52":{"name":"(anonymous_52)","decl":{"start":{"line":712,"column":10},"end":{"line":712,"column":25}},"loc":{"start":{"line":712,"column":25},"end":{"line":734,"column":3}}},"53":{"name":"(anonymous_53)","decl":{"start":{"line":716,"column":16},"end":{"line":716,"column":23}},"loc":{"start":{"line":716,"column":27},"end":{"line":716,"column":46}}},"54":{"name":"(anonymous_54)","decl":{"start":{"line":720,"column":45},"end":{"line":720,"column":50}},"loc":{"start":{"line":720,"column":53},"end":{"line":722,"column":9}}},"55":{"name":"(anonymous_55)","decl":{"start":{"line":739,"column":10},"end":{"line":739,"column":15}},"loc":{"start":{"line":739,"column":46},"end":{"line":748,"column":3}}},"56":{"name":"(anonymous_56)","decl":{"start":{"line":753,"column":10},"end":{"line":753,"column":32}},"loc":{"start":{"line":753,"column":32},"end":{"line":755,"column":3}}},"57":{"name":"(anonymous_57)","decl":{"start":{"line":760,"column":10},"end":{"line":760,"column":28}},"loc":{"start":{"line":760,"column":28},"end":{"line":766,"column":3}}},"58":{"name":"(anonymous_58)","decl":{"start":{"line":772,"column":10},"end":{"line":772,"column":14}},"loc":{"start":{"line":772,"column":58},"end":{"line":781,"column":3}}}},"branchMap":{"0":{"loc":{"start":{"line":115,"column":19},"end":{"line":115,"column":82}},"type":"cond-expr","locations":[{"start":{"line":115,"column":37},"end":{"line":115,"column":78}},{"start":{"line":115,"column":81},"end":{"line":115,"column":82}}]},"1":{"loc":{"start":{"line":117,"column":32},"end":{"line":119,"column":9}},"type":"cond-expr","locations":[{"start":{"line":118,"column":8},"end":{"line":118,"column":65}},{"start":{"line":119,"column":8},"end":{"line":119,"column":9}}]},"2":{"loc":{"start":{"line":120,"column":22},"end":{"line":122,"column":9}},"type":"cond-expr","locations":[{"start":{"line":121,"column":8},"end":{"line":121,"column":59}},{"start":{"line":122,"column":8},"end":{"line":122,"column":9}}]},"3":{"loc":{"start":{"line":144,"column":4},"end":{"line":146,"column":5}},"type":"if","locations":[{"start":{"line":144,"column":4},"end":{"line":146,"column":5}},{"start":{},"end":{}}]},"4":{"loc":{"start":{"line":174,"column":4},"end":{"line":176,"column":5}},"type":"if","locations":[{"start":{"line":174,"column":4},"end":{"line":176,"column":5}},{"start":{},"end":{}}]},"5":{"loc":{"start":{"line":219,"column":4},"end":{"line":221,"column":5}},"type":"if","locations":[{"start":{"line":219,"column":4},"end":{"line":221,"column":5}},{"start":{},"end":{}}]},"6":{"loc":{"start":{"line":224,"column":4},"end":{"line":226,"column":5}},"type":"if","locations":[{"start":{"line":224,"column":4},"end":{"line":226,"column":5}},{"start":{},"end":{}}]},"7":{"loc":{"start":{"line":230,"column":23},"end":{"line":230,"column":74}},"type":"binary-expr","locations":[{"start":{"line":230,"column":23},"end":{"line":230,"column":52}},{"start":{"line":230,"column":56},"end":{"line":230,"column":74}}]},"8":{"loc":{"start":{"line":232,"column":4},"end":{"line":234,"column":5}},"type":"if","locations":[{"start":{"line":232,"column":4},"end":{"line":234,"column":5}},{"start":{},"end":{}}]},"9":{"loc":{"start":{"line":271,"column":4},"end":{"line":273,"column":5}},"type":"if","locations":[{"start":{"line":271,"column":4},"end":{"line":273,"column":5}},{"start":{},"end":{}}]},"10":{"loc":{"start":{"line":313,"column":23},"end":{"line":313,"column":74}},"type":"binary-expr","locations":[{"start":{"line":313,"column":23},"end":{"line":313,"column":52}},{"start":{"line":313,"column":56},"end":{"line":313,"column":74}}]},"11":{"loc":{"start":{"line":333,"column":8},"end":{"line":335,"column":9}},"type":"if","locations":[{"start":{"line":333,"column":8},"end":{"line":335,"column":9}},{"start":{},"end":{}}]},"12":{"loc":{"start":{"line":352,"column":6},"end":{"line":362,"column":7}},"type":"if","locations":[{"start":{"line":352,"column":6},"end":{"line":362,"column":7}},{"start":{},"end":{}}]},"13":{"loc":{"start":{"line":358,"column":10},"end":{"line":360,"column":11}},"type":"if","locations":[{"start":{"line":358,"column":10},"end":{"line":360,"column":11}},{"start":{},"end":{}}]},"14":{"loc":{"start":{"line":435,"column":6},"end":{"line":437,"column":7}},"type":"if","locations":[{"start":{"line":435,"column":6},"end":{"line":437,"column":7}},{"start":{},"end":{}}]},"15":{"loc":{"start":{"line":435,"column":10},"end":{"line":435,"column":41}},"type":"binary-expr","locations":[{"start":{"line":435,"column":10},"end":{"line":435,"column":18}},{"start":{"line":435,"column":22},"end":{"line":435,"column":41}}]},"16":{"loc":{"start":{"line":441,"column":6},"end":{"line":443,"column":7}},"type":"if","locations":[{"start":{"line":441,"column":6},"end":{"line":443,"column":7}},{"start":{},"end":{}}]},"17":{"loc":{"start":{"line":446,"column":6},"end":{"line":448,"column":7}},"type":"if","locations":[{"start":{"line":446,"column":6},"end":{"line":448,"column":7}},{"start":{},"end":{}}]},"18":{"loc":{"start":{"line":493,"column":19},"end":{"line":493,"column":75}},"type":"cond-expr","locations":[{"start":{"line":493,"column":44},"end":{"line":493,"column":57}},{"start":{"line":493,"column":60},"end":{"line":493,"column":75}}]},"19":{"loc":{"start":{"line":517,"column":22},"end":{"line":519,"column":9}},"type":"cond-expr","locations":[{"start":{"line":518,"column":8},"end":{"line":518,"column":59}},{"start":{"line":519,"column":8},"end":{"line":519,"column":9}}]},"20":{"loc":{"start":{"line":524,"column":4},"end":{"line":526,"column":5}},"type":"if","locations":[{"start":{"line":524,"column":4},"end":{"line":526,"column":5}},{"start":{},"end":{}}]},"21":{"loc":{"start":{"line":529,"column":4},"end":{"line":531,"column":5}},"type":"if","locations":[{"start":{"line":529,"column":4},"end":{"line":531,"column":5}},{"start":{},"end":{}}]},"22":{"loc":{"start":{"line":534,"column":4},"end":{"line":536,"column":5}},"type":"if","locations":[{"start":{"line":534,"column":4},"end":{"line":536,"column":5}},{"start":{},"end":{}}]},"23":{"loc":{"start":{"line":542,"column":6},"end":{"line":544,"column":7}},"type":"if","locations":[{"start":{"line":542,"column":6},"end":{"line":544,"column":7}},{"start":{},"end":{}}]},"24":{"loc":{"start":{"line":547,"column":19},"end":{"line":548,"column":63}},"type":"cond-expr","locations":[{"start":{"line":547,"column":41},"end":{"line":547,"column":50}},{"start":{"line":548,"column":18},"end":{"line":548,"column":63}}]},"25":{"loc":{"start":{"line":548,"column":18},"end":{"line":548,"column":63}},"type":"cond-expr","locations":[{"start":{"line":548,"column":39},"end":{"line":548,"column":49}},{"start":{"line":548,"column":52},"end":{"line":548,"column":63}}]},"26":{"loc":{"start":{"line":576,"column":4},"end":{"line":578,"column":5}},"type":"if","locations":[{"start":{"line":576,"column":4},"end":{"line":578,"column":5}},{"start":{},"end":{}}]},"27":{"loc":{"start":{"line":576,"column":8},"end":{"line":576,"column":51}},"type":"binary-expr","locations":[{"start":{"line":576,"column":8},"end":{"line":576,"column":26}},{"start":{"line":576,"column":30},"end":{"line":576,"column":51}}]},"28":{"loc":{"start":{"line":580,"column":4},"end":{"line":582,"column":5}},"type":"if","locations":[{"start":{"line":580,"column":4},"end":{"line":582,"column":5}},{"start":{},"end":{}}]},"29":{"loc":{"start":{"line":584,"column":4},"end":{"line":586,"column":5}},"type":"if","locations":[{"start":{"line":584,"column":4},"end":{"line":586,"column":5}},{"start":{},"end":{}}]},"30":{"loc":{"start":{"line":588,"column":4},"end":{"line":590,"column":5}},"type":"if","locations":[{"start":{"line":588,"column":4},"end":{"line":590,"column":5}},{"start":{},"end":{}}]},"31":{"loc":{"start":{"line":594,"column":6},"end":{"line":596,"column":7}},"type":"if","locations":[{"start":{"line":594,"column":6},"end":{"line":596,"column":7}},{"start":{},"end":{}}]},"32":{"loc":{"start":{"line":665,"column":8},"end":{"line":667,"column":9}},"type":"if","locations":[{"start":{"line":665,"column":8},"end":{"line":667,"column":9}},{"start":{},"end":{}}]},"33":{"loc":{"start":{"line":703,"column":4},"end":{"line":706,"column":5}},"type":"if","locations":[{"start":{"line":703,"column":4},"end":{"line":706,"column":5}},{"start":{},"end":{}}]},"34":{"loc":{"start":{"line":727,"column":6},"end":{"line":729,"column":7}},"type":"if","locations":[{"start":{"line":727,"column":6},"end":{"line":729,"column":7}},{"start":{},"end":{}}]},"35":{"loc":{"start":{"line":776,"column":4},"end":{"line":780,"column":5}},"type":"if","locations":[{"start":{"line":776,"column":4},"end":{"line":780,"column":5}},{"start":{"line":778,"column":11},"end":{"line":780,"column":5}}]}},"s":{"0":1,"1":1,"2":1,"3":1,"4":14,"5":14,"6":14,"7":14,"8":14,"9":14,"10":14,"11":14,"12":14,"13":14,"14":0,"15":14,"16":1,"17":0,"18":15,"19":0,"20":0,"21":0,"22":0,"23":0,"24":0,"25":0,"26":0,"27":0,"28":0,"29":0,"30":0,"31":0,"32":0,"33":0,"34":0,"35":0,"36":0,"37":0,"38":0,"39":0,"40":0,"41":0,"42":0,"43":0,"44":0,"45":0,"46":0,"47":0,"48":0,"49":0,"50":0,"51":0,"52":0,"53":0,"54":0,"55":0,"56":0,"57":0,"58":0,"59":0,"60":0,"61":0,"62":0,"63":0,"64":0,"65":0,"66":0,"67":0,"68":0,"69":0,"70":0,"71":0,"72":0,"73":0,"74":0,"75":0,"76":0,"77":0,"78":0,"79":0,"80":0,"81":0,"82":0,"83":0,"84":0,"85":0,"86":0,"87":0,"88":0,"89":0,"90":0,"91":0,"92":0,"93":0,"94":12,"95":12,"96":10,"97":10,"98":10,"99":0,"100":0,"101":2,"102":2,"103":2,"104":1,"105":1,"106":1,"107":1,"108":1,"109":1,"110":0,"111":0,"112":0,"113":0,"114":0,"115":7,"116":2,"117":1,"118":1,"119":1,"120":1,"121":1,"122":1,"123":0,"124":0,"125":0,"126":0,"127":0,"128":0,"129":0,"130":0,"131":0,"132":0,"133":0,"134":0,"135":0,"136":0,"137":0,"138":0,"139":0,"140":0,"141":0,"142":0,"143":0,"144":0,"145":0,"146":0,"147":0,"148":0,"149":0,"150":0,"151":0,"152":0,"153":0,"154":0,"155":0,"156":0,"157":0,"158":0,"159":0,"160":0,"161":0,"162":0,"163":0,"164":0,"165":0,"166":0,"167":0,"168":0,"169":0,"170":0,"171":0,"172":0,"173":0,"174":0,"175":0,"176":0,"177":0,"178":0,"179":0,"180":0,"181":14,"182":0,"183":14,"184":0,"185":14,"186":0,"187":0,"188":14,"189":0,"190":0,"191":0,"192":0,"193":0,"194":0,"195":0,"196":0,"197":0,"198":0,"199":0,"200":0,"201":0,"202":0,"203":0,"204":0,"205":0,"206":0,"207":0,"208":0,"209":0,"210":0,"211":0,"212":0,"213":0,"214":0,"215":0,"216":0,"217":0,"218":0,"219":0,"220":0,"221":0,"222":0,"223":0,"224":0,"225":0,"226":0,"227":0,"228":0,"229":0,"230":0,"231":0,"232":0,"233":0,"234":0,"235":0,"236":0,"237":0,"238":0,"239":0,"240":0,"241":13,"242":13,"243":13,"244":2,"245":11,"246":1},"f":{"0":14,"1":0,"2":14,"3":1,"4":0,"5":15,"6":0,"7":0,"8":0,"9":0,"10":0,"11":0,"12":0,"13":0,"14":0,"15":0,"16":0,"17":0,"18":0,"19":0,"20":0,"21":12,"22":1,"23":7,"24":2,"25":1,"26":1,"27":1,"28":1,"29":1,"30":1,"31":0,"32":0,"33":0,"34":14,"35":0,"36":0,"37":0,"38":0,"39":0,"40":0,"41":0,"42":0,"43":0,"44":0,"45":0,"46":0,"47":0,"48":0,"49":0,"50":0,"51":0,"52":0,"53":0,"54":0,"55":0,"56":0,"57":0,"58":13},"b":{"0":[0,0],"1":[0,0],"2":[0,0],"3":[0,0],"4":[0,0],"5":[0,0],"6":[0,0],"7":[0,0],"8":[0,0],"9":[0,0],"10":[0,0],"11":[0,0],"12":[1,0],"13":[0,0],"14":[0,0],"15":[0,0],"16":[0,0],"17":[0,0],"18":[0,0],"19":[0,0],"20":[0,0],"21":[0,0],"22":[0,0],"23":[0,0],"24":[0,0],"25":[0,0],"26":[0,0],"27":[0,0],"28":[0,0],"29":[0,0],"30":[0,0],"31":[0,0],"32":[0,0],"33":[0,0],"34":[0,0],"35":[2,11]}}
,"C:\\Users\\gl0022\\Documents\\GitHub\\bitbucket-mcp-server\\src\\server\\tool-registry.ts": {"path":"C:\\Users\\gl0022\\Documents\\GitHub\\bitbucket-mcp-server\\src\\server\\tool-registry.ts","statementMap":{"0":{"start":{"line":26,"column":0},"end":{"line":26,"column":38}},"1":{"start":{"line":27,"column":0},"end":{"line":27,"column":null}},"2":{"start":{"line":102,"column":4},"end":{"line":102,"column":12}},"3":{"start":{"line":79,"column":10},"end":{"line":79,"column":47}},"4":{"start":{"line":80,"column":10},"end":{"line":80,"column":59}},"5":{"start":{"line":81,"column":10},"end":{"line":87,"column":17}},"6":{"start":{"line":104,"column":4},"end":{"line":109,"column":6}},"7":{"start":{"line":120,"column":4},"end":{"line":178,"column":5}},"8":{"start":{"line":122,"column":6},"end":{"line":122,"column":39}},"9":{"start":{"line":125,"column":6},"end":{"line":127,"column":7}},"10":{"start":{"line":126,"column":8},"end":{"line":126,"column":82}},"11":{"start":{"line":130,"column":6},"end":{"line":132,"column":7}},"12":{"start":{"line":131,"column":8},"end":{"line":131,"column":69}},"13":{"start":{"line":135,"column":6},"end":{"line":135,"column":30}},"14":{"start":{"line":138,"column":33},"end":{"line":149,"column":8}},"15":{"start":{"line":152,"column":6},"end":{"line":152,"column":46}},"16":{"start":{"line":155,"column":6},"end":{"line":157,"column":7}},"17":{"start":{"line":156,"column":8},"end":{"line":156,"column":69}},"18":{"start":{"line":160,"column":6},"end":{"line":168,"column":7}},"19":{"start":{"line":161,"column":8},"end":{"line":167,"column":11}},"20":{"start":{"line":171,"column":6},"end":{"line":171,"column":48}},"21":{"start":{"line":173,"column":6},"end":{"line":173,"column":97}},"22":{"start":{"line":176,"column":6},"end":{"line":176,"column":59}},"23":{"start":{"line":177,"column":6},"end":{"line":177,"column":91}},"24":{"start":{"line":186,"column":4},"end":{"line":213,"column":5}},"25":{"start":{"line":187,"column":19},"end":{"line":187,"column":43}},"26":{"start":{"line":188,"column":6},"end":{"line":190,"column":7}},"27":{"start":{"line":189,"column":8},"end":{"line":189,"column":21}},"28":{"start":{"line":193,"column":6},"end":{"line":195,"column":7}},"29":{"start":{"line":194,"column":8},"end":{"line":194,"column":57}},"30":{"start":{"line":198,"column":6},"end":{"line":198,"column":43}},"31":{"start":{"line":201,"column":6},"end":{"line":201,"column":34}},"32":{"start":{"line":204,"column":6},"end":{"line":204,"column":46}},"33":{"start":{"line":206,"column":6},"end":{"line":206,"column":52}},"34":{"start":{"line":208,"column":6},"end":{"line":208,"column":18}},"35":{"start":{"line":211,"column":6},"end":{"line":211,"column":60}},"36":{"start":{"line":212,"column":6},"end":{"line":212,"column":92}},"37":{"start":{"line":221,"column":17},"end":{"line":221,"column":41}},"38":{"start":{"line":222,"column":4},"end":{"line":222,"column":51}},"39":{"start":{"line":230,"column":4},"end":{"line":230,"column":72}},"40":{"start":{"line":230,"column":58},"end":{"line":230,"column":70}},"41":{"start":{"line":238,"column":22},"end":{"line":238,"column":51}},"42":{"start":{"line":239,"column":4},"end":{"line":241,"column":5}},"43":{"start":{"line":240,"column":6},"end":{"line":240,"column":16}},"44":{"start":{"line":243,"column":4},"end":{"line":245,"column":54}},"45":{"start":{"line":244,"column":19},"end":{"line":244,"column":39}},"46":{"start":{"line":245,"column":22},"end":{"line":245,"column":42}},"47":{"start":{"line":253,"column":4},"end":{"line":253,"column":46}},"48":{"start":{"line":261,"column":23},"end":{"line":261,"column":42}},"49":{"start":{"line":263,"column":4},"end":{"line":270,"column":8}},"50":{"start":{"line":265,"column":8},"end":{"line":268,"column":null}},"51":{"start":{"line":278,"column":17},"end":{"line":278,"column":41}},"52":{"start":{"line":279,"column":4},"end":{"line":281,"column":5}},"53":{"start":{"line":280,"column":6},"end":{"line":280,"column":19}},"54":{"start":{"line":283,"column":5},"end":{"line":283,"column":33}},"55":{"start":{"line":284,"column":4},"end":{"line":284,"column":35}},"56":{"start":{"line":286,"column":4},"end":{"line":286,"column":16}},"57":{"start":{"line":294,"column":17},"end":{"line":294,"column":41}},"58":{"start":{"line":295,"column":4},"end":{"line":297,"column":5}},"59":{"start":{"line":296,"column":6},"end":{"line":296,"column":19}},"60":{"start":{"line":299,"column":5},"end":{"line":299,"column":34}},"61":{"start":{"line":300,"column":4},"end":{"line":300,"column":36}},"62":{"start":{"line":302,"column":4},"end":{"line":302,"column":16}},"63":{"start":{"line":314,"column":22},"end":{"line":314,"column":32}},"64":{"start":{"line":316,"column":4},"end":{"line":364,"column":5}},"65":{"start":{"line":318,"column":19},"end":{"line":318,"column":41}},"66":{"start":{"line":319,"column":6},"end":{"line":321,"column":7}},"67":{"start":{"line":320,"column":8},"end":{"line":320,"column":68}},"68":{"start":{"line":324,"column":6},"end":{"line":326,"column":7}},"69":{"start":{"line":325,"column":8},"end":{"line":325,"column":50}},"70":{"start":{"line":329,"column":21},"end":{"line":329,"column":56}},"71":{"start":{"line":332,"column":6},"end":{"line":334,"column":7}},"72":{"start":{"line":333,"column":8},"end":{"line":333,"column":61}},"73":{"start":{"line":337,"column":6},"end":{"line":337,"column":59}},"74":{"start":{"line":339,"column":6},"end":{"line":339,"column":20}},"75":{"start":{"line":343,"column":6},"end":{"line":345,"column":7}},"76":{"start":{"line":344,"column":8},"end":{"line":344,"column":62}},"77":{"start":{"line":348,"column":6},"end":{"line":348,"column":64}},"78":{"start":{"line":351,"column":6},"end":{"line":363,"column":8}},"79":{"start":{"line":379,"column":18},"end":{"line":379,"column":51}},"80":{"start":{"line":380,"column":4},"end":{"line":382,"column":5}},"81":{"start":{"line":381,"column":6},"end":{"line":381,"column":23}},"82":{"start":{"line":384,"column":4},"end":{"line":390,"column":6}},"83":{"start":{"line":398,"column":18},"end":{"line":398,"column":49}},"84":{"start":{"line":399,"column":25},"end":{"line":399,"column":59}},"85":{"start":{"line":399,"column":46},"end":{"line":399,"column":58}},"86":{"start":{"line":400,"column":26},"end":{"line":400,"column":61}},"87":{"start":{"line":400,"column":47},"end":{"line":400,"column":60}},"88":{"start":{"line":403,"column":52},"end":{"line":403,"column":54}},"89":{"start":{"line":404,"column":4},"end":{"line":406,"column":5}},"90":{"start":{"line":405,"column":6},"end":{"line":405,"column":49}},"91":{"start":{"line":409,"column":26},"end":{"line":412,"column":19}},"92":{"start":{"line":410,"column":31},"end":{"line":410,"column":69}},"93":{"start":{"line":411,"column":22},"end":{"line":411,"column":39}},"94":{"start":{"line":415,"column":26},"end":{"line":415,"column":27}},"95":{"start":{"line":416,"column":31},"end":{"line":416,"column":32}},"96":{"start":{"line":417,"column":27},"end":{"line":417,"column":28}},"97":{"start":{"line":418,"column":29},"end":{"line":418,"column":30}},"98":{"start":{"line":420,"column":4},"end":{"line":425,"column":5}},"99":{"start":{"line":421,"column":6},"end":{"line":421,"column":47}},"100":{"start":{"line":422,"column":6},"end":{"line":422,"column":57}},"101":{"start":{"line":423,"column":6},"end":{"line":423,"column":49}},"102":{"start":{"line":424,"column":6},"end":{"line":424,"column":53}},"103":{"start":{"line":427,"column":4},"end":{"line":437,"column":6}},"104":{"start":{"line":446,"column":30},"end":{"line":446,"column":59}},"105":{"start":{"line":447,"column":4},"end":{"line":451,"column":5}},"106":{"start":{"line":448,"column":6},"end":{"line":450,"column":7}},"107":{"start":{"line":449,"column":8},"end":{"line":449,"column":74}},"108":{"start":{"line":454,"column":4},"end":{"line":456,"column":5}},"109":{"start":{"line":455,"column":6},"end":{"line":455,"column":111}},"110":{"start":{"line":459,"column":4},"end":{"line":461,"column":5}},"111":{"start":{"line":460,"column":6},"end":{"line":460,"column":70}},"112":{"start":{"line":464,"column":4},"end":{"line":466,"column":5}},"113":{"start":{"line":465,"column":6},"end":{"line":465,"column":63}},"114":{"start":{"line":469,"column":26},"end":{"line":469,"column":84}},"115":{"start":{"line":470,"column":4},"end":{"line":472,"column":5}},"116":{"start":{"line":471,"column":6},"end":{"line":471,"column":57}},"117":{"start":{"line":481,"column":4},"end":{"line":483,"column":5}},"118":{"start":{"line":482,"column":6},"end":{"line":482,"column":53}},"119":{"start":{"line":485,"column":4},"end":{"line":487,"column":5}},"120":{"start":{"line":486,"column":6},"end":{"line":486,"column":60}},"121":{"start":{"line":489,"column":4},"end":{"line":491,"column":5}},"122":{"start":{"line":490,"column":6},"end":{"line":490,"column":65}},"123":{"start":{"line":494,"column":4},"end":{"line":496,"column":5}},"124":{"start":{"line":495,"column":6},"end":{"line":495,"column":58}},"125":{"start":{"line":499,"column":4},"end":{"line":501,"column":5}},"126":{"start":{"line":500,"column":6},"end":{"line":500,"column":40}},"127":{"start":{"line":504,"column":23},"end":{"line":504,"column":55}},"128":{"start":{"line":504,"column":48},"end":{"line":504,"column":54}},"129":{"start":{"line":505,"column":29},"end":{"line":505,"column":48}},"130":{"start":{"line":506,"column":4},"end":{"line":508,"column":5}},"131":{"start":{"line":507,"column":6},"end":{"line":507,"column":64}},"132":{"start":{"line":516,"column":4},"end":{"line":518,"column":5}},"133":{"start":{"line":517,"column":6},"end":{"line":517,"column":58}},"134":{"start":{"line":520,"column":4},"end":{"line":522,"column":5}},"135":{"start":{"line":521,"column":6},"end":{"line":521,"column":58}},"136":{"start":{"line":524,"column":23},"end":{"line":524,"column":73}},"137":{"start":{"line":525,"column":4},"end":{"line":527,"column":5}},"138":{"start":{"line":526,"column":6},"end":{"line":526,"column":81}},"139":{"start":{"line":529,"column":4},"end":{"line":531,"column":5}},"140":{"start":{"line":530,"column":6},"end":{"line":530,"column":71}},"141":{"start":{"line":539,"column":4},"end":{"line":554,"column":5}},"142":{"start":{"line":540,"column":20},"end":{"line":540,"column":38}},"143":{"start":{"line":543,"column":6},"end":{"line":545,"column":7}},"144":{"start":{"line":544,"column":8},"end":{"line":544,"column":73}},"145":{"start":{"line":548,"column":6},"end":{"line":550,"column":7}},"146":{"start":{"line":549,"column":8},"end":{"line":549,"column":17}},"147":{"start":{"line":553,"column":6},"end":{"line":553,"column":64}},"148":{"start":{"line":557,"column":28},"end":{"line":557,"column":69}},"149":{"start":{"line":557,"column":61},"end":{"line":557,"column":67}},"150":{"start":{"line":558,"column":4},"end":{"line":562,"column":5}},"151":{"start":{"line":559,"column":6},"end":{"line":561,"column":7}},"152":{"start":{"line":560,"column":8},"end":{"line":560,"column":60}},"153":{"start":{"line":570,"column":18},"end":{"line":570,"column":23}},"154":{"start":{"line":572,"column":4},"end":{"line":588,"column":5}},"155":{"start":{"line":574,"column":8},"end":{"line":574,"column":44}},"156":{"start":{"line":575,"column":8},"end":{"line":575,"column":14}},"157":{"start":{"line":577,"column":8},"end":{"line":577,"column":61}},"158":{"start":{"line":578,"column":8},"end":{"line":578,"column":14}},"159":{"start":{"line":580,"column":8},"end":{"line":580,"column":45}},"160":{"start":{"line":581,"column":8},"end":{"line":581,"column":14}},"161":{"start":{"line":583,"column":8},"end":{"line":583,"column":87}},"162":{"start":{"line":584,"column":8},"end":{"line":584,"column":14}},"163":{"start":{"line":586,"column":8},"end":{"line":586,"column":39}},"164":{"start":{"line":587,"column":8},"end":{"line":587,"column":14}},"165":{"start":{"line":590,"column":4},"end":{"line":592,"column":5}},"166":{"start":{"line":591,"column":6},"end":{"line":591,"column":79}},"167":{"start":{"line":600,"column":4},"end":{"line":602,"column":5}},"168":{"start":{"line":601,"column":6},"end":{"line":601,"column":47}},"169":{"start":{"line":603,"column":4},"end":{"line":603,"column":49}},"170":{"start":{"line":611,"column":26},"end":{"line":611,"column":55}},"171":{"start":{"line":612,"column":4},"end":{"line":617,"column":5}},"172":{"start":{"line":613,"column":6},"end":{"line":613,"column":37}},"173":{"start":{"line":614,"column":6},"end":{"line":616,"column":7}},"174":{"start":{"line":615,"column":8},"end":{"line":615,"column":41}},"175":{"start":{"line":625,"column":18},"end":{"line":625,"column":51}},"176":{"start":{"line":626,"column":4},"end":{"line":628,"column":5}},"177":{"start":{"line":627,"column":6},"end":{"line":627,"column":13}},"178":{"start":{"line":630,"column":26},"end":{"line":630,"column":48}},"179":{"start":{"line":632,"column":4},"end":{"line":632,"column":28}},"180":{"start":{"line":633,"column":4},"end":{"line":633,"column":46}},"181":{"start":{"line":634,"column":4},"end":{"line":634,"column":37}},"182":{"start":{"line":636,"column":4},"end":{"line":640,"column":5}},"183":{"start":{"line":637,"column":6},"end":{"line":637,"column":35}},"184":{"start":{"line":639,"column":6},"end":{"line":639,"column":31}},"185":{"start":{"line":78,"column":0},"end":{"line":78,"column":13}},"186":{"start":{"line":645,"column":0},"end":{"line":645,"column":28}}},"fnMap":{"0":{"name":"(anonymous_0)","decl":{"start":{"line":96,"column":2},"end":{"line":96,"column":14}},"loc":{"start":{"line":101,"column":8},"end":{"line":110,"column":3}}},"1":{"name":"(anonymous_1)","decl":{"start":{"line":116,"column":2},"end":{"line":116,"column":7}},"loc":{"start":{"line":118,"column":41},"end":{"line":179,"column":3}}},"2":{"name":"(anonymous_2)","decl":{"start":{"line":185,"column":2},"end":{"line":185,"column":7}},"loc":{"start":{"line":185,"column":39},"end":{"line":214,"column":3}}},"3":{"name":"(anonymous_3)","decl":{"start":{"line":220,"column":2},"end":{"line":220,"column":9}},"loc":{"start":{"line":220,"column":26},"end":{"line":223,"column":3}}},"4":{"name":"(anonymous_4)","decl":{"start":{"line":229,"column":2},"end":{"line":229,"column":19}},"loc":{"start":{"line":229,"column":19},"end":{"line":231,"column":3}}},"5":{"name":"(anonymous_5)","decl":{"start":{"line":230,"column":50},"end":{"line":230,"column":54}},"loc":{"start":{"line":230,"column":58},"end":{"line":230,"column":70}}},"6":{"name":"(anonymous_6)","decl":{"start":{"line":237,"column":2},"end":{"line":237,"column":20}},"loc":{"start":{"line":237,"column":37},"end":{"line":246,"column":3}}},"7":{"name":"(anonymous_7)","decl":{"start":{"line":244,"column":11},"end":{"line":244,"column":15}},"loc":{"start":{"line":244,"column":19},"end":{"line":244,"column":39}}},"8":{"name":"(anonymous_8)","decl":{"start":{"line":245,"column":14},"end":{"line":245,"column":18}},"loc":{"start":{"line":245,"column":22},"end":{"line":245,"column":42}}},"9":{"name":"(anonymous_9)","decl":{"start":{"line":252,"column":2},"end":{"line":252,"column":15}},"loc":{"start":{"line":252,"column":15},"end":{"line":254,"column":3}}},"10":{"name":"(anonymous_10)","decl":{"start":{"line":260,"column":2},"end":{"line":260,"column":13}},"loc":{"start":{"line":260,"column":27},"end":{"line":271,"column":3}}},"11":{"name":"(anonymous_11)","decl":{"start":{"line":264,"column":14},"end":{"line":264,"column":18}},"loc":{"start":{"line":265,"column":8},"end":{"line":268,"column":null}}},"12":{"name":"(anonymous_12)","decl":{"start":{"line":277,"column":2},"end":{"line":277,"column":12}},"loc":{"start":{"line":277,"column":29},"end":{"line":287,"column":3}}},"13":{"name":"(anonymous_13)","decl":{"start":{"line":293,"column":2},"end":{"line":293,"column":13}},"loc":{"start":{"line":293,"column":30},"end":{"line":303,"column":3}}},"14":{"name":"(anonymous_14)","decl":{"start":{"line":309,"column":2},"end":{"line":309,"column":7}},"loc":{"start":{"line":312,"column":33},"end":{"line":365,"column":3}}},"15":{"name":"(anonymous_15)","decl":{"start":{"line":371,"column":2},"end":{"line":371,"column":14}},"loc":{"start":{"line":371,"column":31},"end":{"line":391,"column":3}}},"16":{"name":"(anonymous_16)","decl":{"start":{"line":397,"column":2},"end":{"line":397,"column":18}},"loc":{"start":{"line":397,"column":18},"end":{"line":438,"column":3}}},"17":{"name":"(anonymous_17)","decl":{"start":{"line":399,"column":38},"end":{"line":399,"column":42}},"loc":{"start":{"line":399,"column":46},"end":{"line":399,"column":58}}},"18":{"name":"(anonymous_18)","decl":{"start":{"line":400,"column":39},"end":{"line":400,"column":43}},"loc":{"start":{"line":400,"column":47},"end":{"line":400,"column":60}}},"19":{"name":"(anonymous_19)","decl":{"start":{"line":410,"column":11},"end":{"line":410,"column":12}},"loc":{"start":{"line":410,"column":31},"end":{"line":410,"column":69}}},"20":{"name":"(anonymous_20)","decl":{"start":{"line":411,"column":12},"end":{"line":411,"column":13}},"loc":{"start":{"line":411,"column":22},"end":{"line":411,"column":39}}},"21":{"name":"(anonymous_21)","decl":{"start":{"line":444,"column":10},"end":{"line":444,"column":26}},"loc":{"start":{"line":444,"column":39},"end":{"line":473,"column":3}}},"22":{"name":"(anonymous_22)","decl":{"start":{"line":479,"column":10},"end":{"line":479,"column":22}},"loc":{"start":{"line":479,"column":33},"end":{"line":509,"column":3}}},"23":{"name":"(anonymous_23)","decl":{"start":{"line":504,"column":43},"end":{"line":504,"column":44}},"loc":{"start":{"line":504,"column":48},"end":{"line":504,"column":54}}},"24":{"name":"(anonymous_24)","decl":{"start":{"line":515,"column":10},"end":{"line":515,"column":31}},"loc":{"start":{"line":515,"column":52},"end":{"line":532,"column":3}}},"25":{"name":"(anonymous_25)","decl":{"start":{"line":538,"column":10},"end":{"line":538,"column":32}},"loc":{"start":{"line":538,"column":72},"end":{"line":563,"column":3}}},"26":{"name":"(anonymous_26)","decl":{"start":{"line":557,"column":56},"end":{"line":557,"column":57}},"loc":{"start":{"line":557,"column":61},"end":{"line":557,"column":67}}},"27":{"name":"(anonymous_27)","decl":{"start":{"line":569,"column":10},"end":{"line":569,"column":31}},"loc":{"start":{"line":569,"column":78},"end":{"line":593,"col
[...]
42,"column":17},"end":{"line":142,"column":59}},"type":"binary-expr","locations":[{"start":{"line":142,"column":17},"end":{"line":142,"column":32}},{"start":{"line":142,"column":36},"end":{"line":142,"column":48}},{"start":{"line":142,"column":52},"end":{"line":142,"column":59}}]},"12":{"loc":{"start":{"line":155,"column":6},"end":{"line":157,"column":7}},"type":"if","locations":[{"start":{"line":155,"column":6},"end":{"line":157,"column":7}},{"start":{},"end":{}}]},"13":{"loc":{"start":{"line":160,"column":6},"end":{"line":168,"column":7}},"type":"if","locations":[{"start":{"line":160,"column":6},"end":{"line":168,"column":7}},{"start":{},"end":{}}]},"14":{"loc":{"start":{"line":173,"column":52},"end":{"line":173,"column":92}},"type":"binary-expr","locations":[{"start":{"line":173,"column":52},"end":{"line":173,"column":73}},{"start":{"line":173,"column":77},"end":{"line":173,"column":92}}]},"15":{"loc":{"start":{"line":188,"column":6},"end":{"line":190,"column":7}},"type":"if","locations":[{"start":{"line":188,"column":6},"end":{"line":190,"column":7}},{"start":{},"end":{}}]},"16":{"loc":{"start":{"line":193,"column":6},"end":{"line":195,"column":7}},"type":"if","locations":[{"start":{"line":193,"column":6},"end":{"line":195,"column":7}},{"start":{},"end":{}}]},"17":{"loc":{"start":{"line":222,"column":11},"end":{"line":222,"column":50}},"type":"cond-expr","locations":[{"start":{"line":222,"column":34},"end":{"line":222,"column":38}},{"start":{"line":222,"column":41},"end":{"line":222,"column":50}}]},"18":{"loc":{"start":{"line":222,"column":11},"end":{"line":222,"column":31}},"type":"binary-expr","locations":[{"start":{"line":222,"column":11},"end":{"line":222,"column":15}},{"start":{"line":222,"column":19},"end":{"line":222,"column":31}}]},"19":{"loc":{"start":{"line":239,"column":4},"end":{"line":241,"column":5}},"type":"if","locations":[{"start":{"line":239,"column":4},"end":{"line":241,"column":5}},{"start":{},"end":{}}]},"20":{"loc":{"start":{"line":245,"column":22},"end":{"line":245,"column":42}},"type":"binary-expr","locations":[{"start":{"line":245,"column":22},"end":{"line":245,"column":26}},{"start":{"line":245,"column":30},"end":{"line":245,"column":42}}]},"21":{"loc":{"start":{"line":265,"column":8},"end":{"line":268,"column":null}},"type":"binary-expr","locations":[{"start":{"line":265,"column":8},"end":{"line":265,"column":20}},{"start":{"line":266,"column":10},"end":{"line":266,"column":54}},{"start":{"line":267,"column":10},"end":{"line":267,"column":61}},{"start":{"line":268,"column":11},"end":{"line":268,"column":24}},{"start":{"line":268,"column":28},"end":{"line":268,"column":76}}]},"22":{"loc":{"start":{"line":279,"column":4},"end":{"line":281,"column":5}},"type":"if","locations":[{"start":{"line":279,"column":4},"end":{"line":281,"column":5}},{"start":{},"end":{}}]},"23":{"loc":{"start":{"line":295,"column":4},"end":{"line":297,"column":5}},"type":"if","locations":[{"start":{"line":295,"column":4},"end":{"line":297,"column":5}},{"start":{},"end":{}}]},"24":{"loc":{"start":{"line":319,"column":6},"end":{"line":321,"column":7}},"type":"if","locations":[{"start":{"line":319,"column":6},"end":{"line":321,"column":7}},{"start":{},"end":{}}]},"25":{"loc":{"start":{"line":324,"column":6},"end":{"line":326,"column":7}},"type":"if","locations":[{"start":{"line":324,"column":6},"end":{"line":326,"column":7}},{"start":{},"end":{}}]},"26":{"loc":{"start":{"line":332,"column":6},"end":{"line":334,"column":7}},"type":"if","locations":[{"start":{"line":332,"column":6},"end":{"line":334,"column":7}},{"start":{},"end":{}}]},"27":{"loc":{"start":{"line":343,"column":6},"end":{"line":345,"column":7}},"type":"if","locations":[{"start":{"line":343,"column":6},"end":{"line":345,"column":7}},{"start":{},"end":{}}]},"28":{"loc":{"start":{"line":380,"column":4},"end":{"line":382,"column":5}},"type":"if","locations":[{"start":{"line":380,"column":4},"end":{"line":382,"column":5}},{"start":{},"end":{}}]},"29":{"loc":{"start":{"line":386,"column":19},"end":{"line":387,"column":62}},"type":"cond-expr","locations":[{"start":{"line":387,"column":8},"end":{"line":387,"column":58}},{"start":{"line":387,"column":61},"end":{"line":387,"column":62}}]},"30":{"loc":{"start":{"line":388,"column":28},"end":{"line":389,"column":60}},"type":"cond-expr","locations":[{"start":{"line":389,"column":8},"end":{"line":389,"column":56}},{"start":{"line":389,"column":59},"end":{"line":389,"column":60}}]},"31":{"loc":{"start":{"line":434,"column":28},"end":{"line":434,"column":90}},"type":"cond-expr","locations":[{"start":{"line":434,"column":50},"end":{"line":434,"column":86}},{"start":{"line":434,"column":89},"end":{"line":434,"column":90}}]},"32":{"loc":{"start":{"line":448,"column":6},"end":{"line":450,"column":7}},"type":"if","locations":[{"start":{"line":448,"column":6},"end":{"line":450,"column":7}},{"start":{},"end":{}}]},"33":{"loc":{"start":{"line":454,"column":4},"end":{"line":456,"column":5}},"type":"if","locations":[{"start":{"line":454,"column":4},"end":{"line":456,"column":5}},{"start":{},"end":{}}]},"34":{"loc":{"start":{"line":459,"column":4},"end":{"line":461,"column":5}},"type":"if","locations":[{"start":{"line":459,"column":4},"end":{"line":461,"column":5}},{"start":{},"end":{}}]},"35":{"loc":{"start":{"line":464,"column":4},"end":{"line":466,"column":5}},"type":"if","locations":[{"start":{"line":464,"column":4},"end":{"line":466,"column":5}},{"start":{},"end":{}}]},"36":{"loc":{"start":{"line":470,"column":4},"end":{"line":472,"column":5}},"type":"if","locations":[{"start":{"line":470,"column":4},"end":{"line":472,"column":5}},{"start":{},"end":{}}]},"37":{"loc":{"start":{"line":481,"column":4},"end":{"line":483,"column":5}},"type":"if","locations":[{"start":{"line":481,"column":4},"end":{"line":483,"column":5}},{"start":{},"end":{}}]},"38":{"loc":{"start":{"line":481,"column":8},"end":{"line":481,"column":51}},"type":"binary-expr","locations":[{"start":{"line":481,"column":8},"end":{"line":481,"column":18}},{"start":{"line":481,"column":22},"end":{"line":481,"column":51}}]},"39":{"loc":{"start":{"line":485,"column":4},"end":{"line":487,"column":5}},"type":"if","locations":[{"start":{"line":485,"column":4},"end":{"line":487,"column":5}},{"start":{},"end":{}}]},"40":{"loc":{"start":{"line":485,"column":8},"end":{"line":485,"column":65}},"type":"binary-expr","locations":[{"start":{"line":485,"column":8},"end":{"line":485,"column":25}},{"start":{"line":485,"column":29},"end":{"line":485,"column":65}}]},"41":{"loc":{"start":{"line":489,"column":4},"end":{"line":491,"column":5}},"type":"if","locations":[{"start":{"line":489,"column":4},"end":{"line":491,"column":5}},{"start":{},"end":{}}]},"42":{"loc":{"start":{"line":489,"column":8},"end":{"line":489,"column":59}},"type":"binary-expr","locations":[{"start":{"line":489,"column":8},"end":{"line":489,"column":21}},{"start":{"line":489,"column":25},"end":{"line":489,"column":59}}]},"43":{"loc":{"start":{"line":494,"column":4},"end":{"line":496,"column":5}},"type":"if","locations":[{"start":{"line":494,"column":4},"end":{"line":496,"column":5}},{"start":{},"end":{}}]},"44":{"loc":{"start":{"line":506,"column":4},"end":{"line":508,"column":5}},"type":"if","locations":[{"start":{"line":506,"column":4},"end":{"line":508,"column":5}},{"start":{},"end":{}}]},"45":{"loc":{"start":{"line":516,"column":4},"end":{"line":518,"column":5}},"type":"if","locations":[{"start":{"line":516,"column":4},"end":{"line":518,"column":5}},{"start":{},"end":{}}]},"46":{"loc":{"start":{"line":516,"column":8},"end":{"line":516,"column":53}},"type":"binary-expr","locations":[{"start":{"line":516,"column":8},"end":{"line":516,"column":19}},{"start":{"line":516,"column":23},"end":{"line":516,"column":53}}]},"47":{"loc":{"start":{"line":520,"column":4},"end":{"line":522,"column":5}},"type":"if","locations":[{"start":{"line":520,"column":4},"end":{"line":522,"column":5}},{"start":{},"end":{}}]},"48":{"loc":{"start":{"line":520,"column":8},"end":{"line":520,"column":53}},"type":"binary-expr","locations":[{"start":{"line":520,"column":8},"end":{"line":520,"column":19}},{"start":{"line":520,"column":23},"end":{"line":520,"column":53}}]},"49":{"loc":{"start":{"line":525,"column":4},"end":{"line":527,"column":5}},"type":"if","locations":[{"start":{"line":525,"column":4},"end":{"line":527,"column":5}},{"start":{},"end":{}}]},"50":{"loc":{"start":{"line":529,"column":4},"end":{"line":531,"column":5}},"type":"if","locations":[{"start":{"line":529,"column":4},"end":{"line":531,"column":5}},{"start":{},"end":{}}]},"51":{"loc":{"start":{"line":543,"column":6},"end":{"line":545,"column":7}},"type":"if","locations":[{"start":{"line":543,"column":6},"end":{"line":545,"column":7}},{"start":{},"end":{}}]},"52":{"loc":{"start":{"line":543,"column":10},"end":{"line":543,"column":67}},"type":"binary-expr","locations":[{"start":{"line":543,"column":10},"end":{"line":543,"column":24}},{"start":{"line":543,"column":29},"end":{"line":543,"column":48}},{"start":{"line":543,"column":52},"end":{"line":543,"column":66}}]},"53":{"loc":{"start":{"line":548,"column":6},"end":{"line":550,"column":7}},"type":"if","locations":[{"start":{"line":548,"column":6},"end":{"line":550,"column":7}},{"start":{},"end":{}}]},"54":{"loc":{"start":{"line":548,"column":10},"end":{"line":548,"column":47}},"type":"binary-expr","locations":[{"start":{"line":548,"column":10},"end":{"line":548,"column":29}},{"start":{"line":548,"column":33},"end":{"line":548,"column":47}}]},"55":{"loc":{"start":{"line":559,"column":6},"end":{"line":561,"column":7}},"type":"if","locations":[{"start":{"line":559,"column":6},"end":{"line":561,"column":7}},{"start":{},"end":{}}]},"56":{"loc":{"start":{"line":572,"column":4},"end":{"line":588,"column":5}},"type":"switch","locations":[{"start":{"line":573,"column":6},"end":{"line":575,"column":14}},{"start":{"line":576,"column":6},"end":{"line":578,"column":14}},{"start":{"line":579,"column":6},"end":{"line":581,"column":14}},{"start":{"line":582,"column":6},"end":{"line":584,"column":14}},{"start":{"line":585,"column":6},"end":{"line":587,"column":14}}]},"57":{"loc":{"start":{"line":577,"column":18},"end":{"line":577,"column":60}},"type":"binary-expr","locations":[{"start":{"line":577,"column":18},"end":{"line":577,"column":43}},{"start":{"line":577,"column":47},"end":{"line":577,"column":60}}]},"58":{"loc":{"start":{"line":583,"column":18},"end":{"line":583,"column":86}},"type":"binary-expr","locations":[{"start":{"line":583,"column":18},"end":{"line":583,"column":43}},{"start":{"line":583,"column":47},"end":{"line":583,"column":61}},{"start":{"line":583,"column":65},"end":{"line":583,"column":86}}]},"59":{"loc":{"start":{"line":590,"column":4},"end":{"line":592,"column":5}},"type":"if","locations":[{"start":{"line":590,"column":4},"end":{"line":592,"column":5}},{"start":{},"end":{}}]},"60":{"loc":{"start":{"line":600,"column":4},"end":{"line":602,"column":5}},"type":"if","locations":[{"start":{"line":600,"column":4},"end":{"line":602,"column":5}},{"start":{},"end":{}}]},"61":{"loc":{"start":{"line":612,"column":4},"end":{"line":617,"column":5}},"type":"if","locations":[{"start":{"line":612,"column":4},"end":{"line":617,"column":5}},{"start":{},"end":{}}]},"62":{"loc":{"start":{"line":614,"column":6},"end":{"line":616,"column":7}},"type":"if","locations":[{"start":{"line":614,"column":6},"end":{"line":616,"column":7}},{"start":{},"end":{}}]},"63":{"loc":{"start":{"line":626,"column":4},"end":{"line":628,"column":5}},"type":"if","locations":[{"start":{"line":626,"column":4},"end":{"line":628,"column":5}},{"start":{},"end":{}}]},"64":{"loc":{"start":{"line":636,"column":4},"end":{"line":640,"column":5}},"type":"if","locations":[{"start":{"line":636,"column":4},"end":{"line":640,"column":5}},{"start":{"line":638,"column":11},"end":{"line":640,"column":5}}]}},"s":{"0":1,"1":1,"2":14,"3":14,"4":14,"5":14,"6":14,"7":12,"8":12,"9":10,"10":0,"11":10,"12":0,"13":10,"14":10,"15":10,"16":10,"17":10,"18":10,"19":10,"20":10,"21":10,"22":2,"23":2,"24":1,"25":1,"26":1,"27":0,"28":1,"29":1,"30":1,"31":1,"32":1,"33":1,"34":1,"35":0,"36":0,"37":2,"38":2,"39":8,"40":6,"41":1,"42":1,"43":0,"44":1,"45":1,"46":1,"47":0,"48":1,"49":1,"50":1,"51":1,"52":1,"53":0,"54":1,"55":1,"56":1,"57":1,"58":1,"59":0,"60":1,"61":1,"62":1,"63":0,"64":0,"65":0,"66":0,"67":0,"68":0,"69":0,"70":0,"71":0,"72":0,"73":0,"74":0,"75":0,"76":0,"77":0,"78":0,"79":1,"80":1,"81":0,"82":1,"83":1,"84":1,"85":1,"86":1,"87":1,"88":1,"89":1,"90":1,"91":1,"92":1,"93":0,"94":1,"95":1,"96":1,"97":1,"98":1,"99":1,"100":1,"101":1,"102":1,"103":1,"104":12,"105":12,"106":34,"107":1,"108":11,"109":1,"110":10,"111":0,"112":10,"113":0,"114":10,"115":10,"116":0,"117":10,"118":0,"119":10,"120":0,"121":10,"122":0,"123":10,"124":0,"125":10,"126":10,"127":10,"128":10,"129":10,"130":10,"131":0,"132":10,"133":0,"134":10,"135":0,"136":10,"137":10,"138":0,"139":10,"140":0,"141":0,"142":0,"143":0,"144":0,"145":0,"146":0,"147":0,"148":0,"149":0,"150":0,"151":0,"152":0,"153":0,"154":0,"155":0,"156":0,"157":0,"158":0,"159":0,"160":0,"161":0,"162":0,"163":0,"164":0,"165":0,"166":0,"167":10,"168":10,"169":10,"170":1,"171":1,"172":1,"173":1,"174":1,"175":0,"176":0,"177":0,"178":0,"179":0,"180":0,"181":0,"182":0,"183":0,"184":0,"185":1,"186":1},"f":{"0":14,"1":12,"2":1,"3":2,"4":8,"5":6,"6":1,"7":1,"8":1,"9":0,"10":1,"11":1,"12":1,"13":1,"14":0,"15":1,"16":1,"17":1,"18":1,"19":1,"20":0,"21":12,"22":10,"23":10,"24":10,"25":0,"26":0,"27":0,"28":10,"29":1,"30":0},"b":{"0":[0],"1":[14,0],"2":[14,0],"3":[14,0],"4":[14,0],"5":[12],"6":[0,10],"7":[0,10],"8":[10,0],"9":[10,10,0],"10":[10,10],"11":[10,10,0],"12":[10,0],"13":[10,0],"14":[10,0],"15":[0,1],"16":[1,0],"17":[1,1],"18":[2,1],"19":[0,1],"20":[1,1],"21":[1,1,0,0,0],"22":[0,1],"23":[0,1],"24":[0,0],"25":[0,0],"26":[0,0],"27":[0,0],"28":[0,1],"29":[0,1],"30":[0,1],"31":[0,1],"32":[1,33],"33":[1,10],"34":[0,10],"35":[0,10],"36":[0,10],"37":[0,10],"38":[10,10],"39":[0,10],"40":[10,10],"41":[0,10],"42":[10,10],"43":[0,10],"44":[0,10],"45":[0,10],"46":[10,10],"47":[0,10],"48":[10,10],"49":[0,10],"50":[0,10],"51":[0,0],"52":[0,0,0],"53":[0,0],"54":[0,0],"55":[0,0],"56":[0,0,0,0,0],"57":[0,0],"58":[0,0,0],"59":[0,0],"60":[10,0],"61":[1,0],"62":[1,0],"63":[0,0],"64":[0,0]}}
,"C:\\Users\\gl0022\\Documents\\GitHub\\bitbucket-mcp-server\\src\\types\\index.ts": {"path":"C:\\Users\\gl0022\\Documents\\GitHub\\bitbucket-mcp-server\\src\\types\\index.ts","statementMap":{"0":{"start":{"line":686,"column":0},"end":{"line":686,"column":16}},"1":{"start":{"line":698,"column":0},"end":{"line":698,"column":16}},"2":{"start":{"line":713,"column":0},"end":{"line":713,"column":16}},"3":{"start":{"line":60,"column":0},"end":{"line":60,"column":null}},"4":{"start":{"line":62,"column":2},"end":{"line":62,"column":null}},"5":{"start":{"line":63,"column":2},"end":{"line":63,"column":null}},"6":{"start":{"line":64,"column":2},"end":{"line":64,"column":null}},"7":{"start":{"line":65,"column":2},"end":{"line":65,"column":null}},"8":{"start":{"line":66,"column":2},"end":{"line":66,"column":null}},"9":{"start":{"line":69,"column":2},"end":{"line":69,"column":null}},"10":{"start":{"line":70,"column":2},"end":{"line":70,"column":null}},"11":{"start":{"line":71,"column":2},"end":{"line":71,"column":null}},"12":{"start":{"line":72,"column":2},"end":{"line":72,"column":null}},"13":{"start":{"line":73,"column":2},"end":{"line":73,"column":null}},"14":{"start":{"line":74,"column":2},"end":{"line":74,"column":null}},"15":{"start":{"line":75,"column":2},"end":{"line":75,"column":null}},"16":{"start":{"line":76,"column":2},"end":{"line":76,"column":null}},"17":{"start":{"line":77,"column":2},"end":{"line":77,"column":null}},"18":{"start":{"line":78,"column":2},"end":{"line":78,"column":null}},"19":{"start":{"line":79,"column":2},"end":{"line":79,"column":null}},"20":{"start":{"line":184,"column":0},"end":{"line":184,"column":null}},"21":{"start":{"line":185,"column":2},"end":{"line":185,"column":null}},"22":{"start":{"line":186,"column":2},"end":{"line":186,"column":null}},"23":{"start":{"line":187,"column":2},"end":{"line":187,"column":null}},"24":{"start":{"line":188,"column":2},"end":{"line":188,"column":null}},"25":{"start":{"line":189,"column":2},"end":{"line":189,"column":null}},"26":{"start":{"line":190,"column":2},"end":{"line":190,"column":null}},"27":{"start":{"line":687,"column":2},"end":{"line":692,"column":4}},"28":{"start":{"line":699,"column":2},"end":{"line":707,"column":4}},"29":{"start":{"line":714,"column":2},"end":{"line":722,"column":4}},"30":{"start":{"line":729,"column":0},"end":{"line":729,"column":24}}},"fnMap":{"0":{"name":"(anonymous_4)","decl":{"start":{"line":60,"column":0},"end":{"line":60,"column":12}},"loc":{"start":{"line":60,"column":24},"end":{"line":80,"column":1}}},"1":{"name":"(anonymous_5)","decl":{"start":{"line":184,"column":0},"end":{"line":184,"column":12}},"loc":{"start":{"line":184,"column":30},"end":{"line":191,"column":1}}},"2":{"name":"isProtocolMessage","decl":{"start":{"line":686,"column":16},"end":{"line":686,"column":33}},"loc":{"start":{"line":686,"column":42},"end":{"line":693,"column":1}}},"3":{"name":"isTool","decl":{"start":{"line":698,"column":16},"end":{"line":698,"column":22}},"loc":{"start":{"line":698,"column":31},"end":{"line":708,"column":1}}},"4":{"name":"isClientSession","decl":{"start":{"line":713,"column":16},"end":{"line":713,"column":31}},"loc":{"start":{"line":713,"column":40},"end":{"line":723,"column":1}}}},"branchMap":{"0":{"loc":{"start":{"line":60,"column":12},"end":{"line":60,"column":null}},"type":"binary-expr","locations":[{"start":{"line":60,"column":12},"end":{"line":60,"column":24}},{"start":{"line":60,"column":24},"end":{"line":60,"column":null}}]},"1":{"loc":{"start":{"line":184,"column":12},"end":{"line":184,"column":null}},"type":"binary-expr","locations":[{"start":{"line":184,"column":12},"end":{"line":184,"column":30}},{"start":{"line":184,"column":30},"end":{"line":184,"column":null}}]},"2":{"loc":{"start":{"line":688,"column":4},"end":{"line":691,"column":81}},"type":"binary-expr","locations":[{"start":{"line":688,"column":4},"end":{"line":688,"column":7}},{"start":{"line":689,"column":4},"end":{"line":689,"column":27}},{"start":{"line":690,"column":4},"end":{"line":690,"column":25}},{"start":{"line":691,"column":5},"end":{"line":691,"column":31}},{"start":{"line":691,"column":35},"end":{"line":691,"column":61}},{"start":{"line":691,"column":65},"end":{"line":691,"column":80}}]},"3":{"loc":{"start":{"line":700,"column":4},"end":{"line":706,"column":36}},"type":"binary-expr","locations":[{"start":{"line":700,"column":4},"end":{"line":700,"column":7}},{"start":{"line":701,"column":4},"end":{"line":701,"column":27}},{"start":{"line":702,"column":4},"end":{"line":702,"column":32}},{"start":{"line":703,"column":4},"end":{"line":703,"column":39}},{"start":{"line":704,"column":4},"end":{"line":704,"column":33}},{"start":{"line":705,"column":4},"end":{"line":705,"column":37}},{"start":{"line":706,"column":4},"end":{"line":706,"column":36}}]},"4":{"loc":{"start":{"line":715,"column":4},"end":{"line":721,"column":33}},"type":"binary-expr","locations":[{"start":{"line":715,"column":4},"end":{"line":715,"column":7}},{"start":{"line":716,"column":4},"end":{"line":716,"column":27}},{"start":{"line":717,"column":4},"end":{"line":717,"column":30}},{"start":{"line":718,"column":4},"end":{"line":718,"column":36}},{"start":{"line":719,"column":4},"end":{"line":719,"column":33}},{"start":{"line":720,"column":4},"end":{"line":720,"column":17}},{"start":{"line":721,"column":4},"end":{"line":721,"column":33}}]}},"s":{"0":1,"1":1,"2":1,"3":1,"4":1,"5":1,"6":1,"7":1,"8":1,"9":1,"10":1,"11":1,"12":1,"13":1,"14":1,"15":1,"16":1,"17":1,"18":1,"19":1,"20":1,"21":1,"22":1,"23":1,"24":1,"25":1,"26":1,"27":0,"28":0,"29":0,"30":1},"f":{"0":1,"1":1,"2":0,"3":0,"4":0},"b":{"0":[1,1],"1":[1,1],"2":[0,0,0,0,0,0],"3":[0,0,0,0,0,0,0],"4":[0,0,0,0,0,0,0]}}
}
