{"C:\\Users\\gl0022\\Documents\\GitHub\\bitbucket-mcp-server\\src\\server\\error-handler.ts": {"path":"C:\\Users\\gl0022\\Documents\\GitHub\\bitbucket-mcp-server\\src\\server\\error-handler.ts","statementMap":{"0":{"start":{"line":513,"column":0},"end":{"line":513,"column":16}},"1":{"start":{"line":525,"column":0},"end":{"line":525,"column":16}},"2":{"start":{"line":537,"column":0},"end":{"line":537,"column":16}},"3":{"start":{"line":22,"column":0},"end":{"line":22,"column":null}},"4":{"start":{"line":66,"column":0},"end":{"line":66,"column":null}},"5":{"start":{"line":67,"column":2},"end":{"line":67,"column":null}},"6":{"start":{"line":68,"column":2},"end":{"line":68,"column":null}},"7":{"start":{"line":69,"column":2},"end":{"line":69,"column":null}},"8":{"start":{"line":70,"column":2},"end":{"line":70,"column":null}},"9":{"start":{"line":79,"column":10},"end":{"line":79,"column":61}},"10":{"start":{"line":80,"column":10},"end":{"line":80,"column":102}},"11":{"start":{"line":81,"column":10},"end":{"line":81,"column":41}},"12":{"start":{"line":84,"column":4},"end":{"line":84,"column":33}},"13":{"start":{"line":96,"column":27},"end":{"line":100,"column":6}},"14":{"start":{"line":103,"column":4},"end":{"line":105,"column":5}},"15":{"start":{"line":104,"column":6},"end":{"line":104,"column":46}},"16":{"start":{"line":108,"column":4},"end":{"line":110,"column":5}},"17":{"start":{"line":109,"column":6},"end":{"line":109,"column":43}},"18":{"start":{"line":113,"column":4},"end":{"line":118,"column":5}},"19":{"start":{"line":114,"column":20},"end":{"line":114,"column":37}},"20":{"start":{"line":115,"column":6},"end":{"line":117,"column":7}},"21":{"start":{"line":116,"column":8},"end":{"line":116,"column":32}},"22":{"start":{"line":120,"column":44},"end":{"line":128,"column":6}},"23":{"start":{"line":131,"column":4},"end":{"line":131,"column":62}},"24":{"start":{"line":134,"column":4},"end":{"line":134,"column":32}},"25":{"start":{"line":136,"column":4},"end":{"line":136,"column":25}},"26":{"start":{"line":148,"column":4},"end":{"line":148,"column":64}},"27":{"start":{"line":160,"column":4},"end":{"line":160,"column":64}},"28":{"start":{"line":172,"column":20},"end":{"line":172,"column":49}},"29":{"start":{"line":173,"column":20},"end":{"line":173,"column":79}},"30":{"start":{"line":175,"column":38},"end":{"line":183,"column":6}},"31":{"start":{"line":185,"column":4},"end":{"line":185,"column":71}},"32":{"start":{"line":197,"column":20},"end":{"line":197,"column":48}},"33":{"start":{"line":198,"column":20},"end":{"line":198,"column":74}},"34":{"start":{"line":200,"column":43},"end":{"line":208,"column":6}},"35":{"start":{"line":210,"column":4},"end":{"line":210,"column":76}},"36":{"start":{"line":222,"column":20},"end":{"line":222,"column":49}},"37":{"start":{"line":223,"column":20},"end":{"line":223,"column":72}},"38":{"start":{"line":225,"column":41},"end":{"line":233,"column":6}},"39":{"start":{"line":235,"column":4},"end":{"line":235,"column":74}},"40":{"start":{"line":248,"column":20},"end":{"line":248,"column":47}},"41":{"start":{"line":249,"column":20},"end":{"line":249,"column":69}},"42":{"start":{"line":251,"column":44},"end":{"line":260,"column":6}},"43":{"start":{"line":262,"column":4},"end":{"line":262,"column":77}},"44":{"start":{"line":274,"column":20},"end":{"line":274,"column":54}},"45":{"start":{"line":275,"column":20},"end":{"line":275,"column":90}},"46":{"start":{"line":277,"column":40},"end":{"line":286,"column":6}},"47":{"start":{"line":288,"column":4},"end":{"line":288,"column":73}},"48":{"start":{"line":300,"column":20},"end":{"line":300,"column":52}},"49":{"start":{"line":301,"column":20},"end":{"line":301,"column":76}},"50":{"start":{"line":303,"column":43},"end":{"line":311,"column":6}},"51":{"start":{"line":313,"column":4},"end":{"line":313,"column":76}},"52":{"start":{"line":325,"column":24},"end":{"line":325,"column":100}},"53":{"start":{"line":325,"column":85},"end":{"line":325,"column":96}},"54":{"start":{"line":326,"column":24},"end":{"line":326,"column":92}},"55":{"start":{"line":327,"column":25},"end":{"line":331,"column":7}},"56":{"start":{"line":327,"column":64},"end":{"line":331,"column":6}},"57":{"start":{"line":333,"column":4},"end":{"line":338,"column":6}},"58":{"start":{"line":345,"column":4},"end":{"line":345,"column":23}},"59":{"start":{"line":346,"column":4},"end":{"line":346,"column":29}},"60":{"start":{"line":347,"column":4},"end":{"line":347,"column":33}},"61":{"start":{"line":358,"column":4},"end":{"line":362,"column":7}},"62":{"start":{"line":359,"column":6},"end":{"line":361,"column":7}},"63":{"start":{"line":360,"column":8},"end":{"line":360,"column":38}},"64":{"start":{"line":369,"column":20},"end":{"line":369,"column":47}},"65":{"start":{"line":371,"column":4},"end":{"line":373,"column":5}},"66":{"start":{"line":372,"column":6},"end":{"line":372,"column":45}},"67":{"start":{"line":375,"column":4},"end":{"line":377,"column":5}},"68":{"start":{"line":376,"column":6},"end":{"line":376,"column":48}},"69":{"start":{"line":379,"column":4},"end":{"line":381,"column":5}},"70":{"start":{"line":380,"column":6},"end":{"line":380,"column":47}},"71":{"start":{"line":383,"column":4},"end":{"line":385,"column":5}},"72":{"start":{"line":384,"column":6},"end":{"line":384,"column":42}},"73":{"start":{"line":387,"column":4},"end":{"line":389,"column":5}},"74":{"start":{"line":388,"column":6},"end":{"line":388,"column":47}},"75":{"start":{"line":391,"column":4},"end":{"line":393,"column":5}},"76":{"start":{"line":392,"column":6},"end":{"line":392,"column":48}},"77":{"start":{"line":395,"column":4},"end":{"line":397,"column":5}},"78":{"start":{"line":396,"column":6},"end":{"line":396,"column":48}},"79":{"start":{"line":399,"column":4},"end":{"line":401,"column":5}},"80":{"start":{"line":400,"column":6},"end":{"line":400,"column":41}},"81":{"start":{"line":403,"column":4},"end":{"line":405,"column":5}},"82":{"start":{"line":404,"column":6},"end":{"line":404,"column":42}},"83":{"start":{"line":407,"column":4},"end":{"line":409,"column":5}},"84":{"start":{"line":408,"column":6},"end":{"line":408,"column":48}},"85":{"start":{"line":412,"column":4},"end":{"line":412,"column":39}},"86":{"start":{"line":419,"column":4},"end":{"line":445,"column":5}},"87":{"start":{"line":423,"column":8},"end":{"line":423,"column":33}},"88":{"start":{"line":428,"column":8},"end":{"line":428,"column":36}},"89":{"start":{"line":434,"column":8},"end":{"line":434,"column":34}},"90":{"start":{"line":441,"column":8},"end":{"line":441,"column":38}},"91":{"start":{"line":444,"column":8},"end":{"line":444,"column":36}},"92":{"start":{"line":452,"column":4},"end":{"line":456,"column":7}},"93":{"start":{"line":459,"column":4},"end":{"line":461,"column":5}},"94":{"start":{"line":460,"column":6},"end":{"line":460,"column":65}},"95":{"start":{"line":464,"column":23},"end":{"line":464,"column":106}},"96":{"start":{"line":466,"column":4},"end":{"line":479,"column":5}},"97":{"start":{"line":468,"column":8},"end":{"line":468,"column":34}},"98":{"start":{"line":469,"column":8},"end":{"line":469,"column":14}},"99":{"start":{"line":471,"column":8},"end":{"line":471,"column":33}},"100":{"start":{"line":472,"column":8},"end":{"line":472,"column":14}},"101":{"start":{"line":474,"column":8},"end":{"line":474,"column":34}},"102":{"start":{"line":475,"column":8},"end":{"line":475,"column":14}},"103":{"start":{"line":477,"column":8},"end":{"line":477,"column":52}},"104":{"start":{"line":478,"column":8},"end":{"line":478,"column":14}},"105":{"start":{"line":486,"column":25},"end":{"line":486,"column":56}},"106":{"start":{"line":487,"column":4},"end":{"line":487,"column":49}},"107":{"start":{"line":494,"column":16},"end":{"line":494,"column":26}},"108":{"start":{"line":495,"column":25},"end":{"line":495,"column":56}},"109":{"start":{"line":497,"column":25},"end":{"line":498,"column":null}},"110":{"start":{"line":498,"column":6},"end":{"line":498,"column":37}},"111":{"start":{"line":501,"column":4},"end":{"line":501,"column":31}},"112":{"start":{"line":78,"column":0},"end":{"line":78,"column":13}},"113":{"start":{"line":508,"column":13},"end":{"line":508,"column":53}},"114":{"start":{"line":519,"column":2},"end":{"line":519,"column":73}},"115":{"start":{"line":531,"column":2},"end":{"line":531,"column":71}},"116":{"start":{"line":543,"column":2},"end":{"line":543,"column":81}},"117":{"start":{"line":546,"column":0},"end":{"line":546,"column":31}}},"fnMap":{"0":{"name":"(anonymous_0)","decl":{"start":{"line":66,"column":0},"end":{"line":66,"column":12}},"loc":{"start":{"line":66,"column":25},"end":{"line":71,"column":1}}},"1":{"name":"(anonymous_1)","decl":{"start":{"line":83,"column":2},"end":{"line":83,"column":null}},"loc":{"start":{"line":83,"column":2},"end":{"line":85,"column":3}}},"2":{"name":"(anonymous_2)","decl":{"start":{"line":90,"column":2},"end":{"line":90,"column":21}},"loc":{"start":{"line":94,"column":26},"end":{"line":137,"column":3}}},"3":{"name":"(anonymous_3)","decl":{"start":{"line":142,"column":2},"end":{"line":142,"column":20}},"loc":{"start":{"line":146,"column":26},"end":{"line":149,"column":3}}},"4":{"name":"(anonymous_4)","decl":{"start":{"line":154,"column":2},"end":{"line":154,"column":16}},"loc":{"start":{"line":158,"column":26},"end":{"line":161,"column":3}}},"5":{"name":"(anonymous_5)","decl":{"start":{"line":166,"column":2},"end":{"line":166,"column":17}},"loc":{"start":{"line":170,"column":26},"end":{"line":186,"column":3}}},"6":{"name":"(anonymous_6)","decl":{"start":{"line":191,"column":2},"end":{"line":191,"column":22}},"loc":{"start":{"line":195,"column":26},"end":{"line":211,"column":3}}},"7":{"name":"(anonymous_7)","decl":{"start":{"line":216,"column":2},"end":{"line":216,"column":20}},"loc":{"start":{"line":220,"column":26},"end":{"line":236,"column":3}}},"8":{"name":"(anonymous_8)","decl":{"start":{"line":241,"column":2},"end":{"line":241,"column":23}},"loc":{"start":{"line":246,"column":26},"end":{"line":263,"column":3}}},"9":{"name":"(anonymous_9)","decl":{"start":{"line":268,"column":2},"end":{"line":268,"column":19}},"loc":{"start":{"line":272,"column":26},"end":{"line":289,"column":3}}},"10":{"name":"(anonymous_10)","decl":{"start":{"line":294,"column":2},"end":{"line":294,"column":22}},"loc":{"start":{"line":298,"column":26},"end":{"line":314,"column":3}}},"11":{"name":"(anonymous_11)","decl":{"start":{"line":319,"column":2},"end":{"line":319,"column":20}},"loc":{"start":{"line":319,"column":20},"end":{"line":339,"column":3}}},"12":{"name":"(anonymous_12)","decl":{"start":{"line":325,"column":69},"end":{"line":325,"column":70}},"loc":{"start":{"line":325,"column":85},"end":{"line":325,"column":96}}},"13":{"name":"(anonymous_13)","decl":{"start":{"line":327,"column":54},"end":{"line":327,"column":59}},"loc":{"start":{"line":327,"column":64},"end":{"line":331,"column":6}}},"14":{"name":"(anonymous_14)","decl":{"start":{"line":344,"column":2},"end":{"line":344,"column":15}},"loc":{"start":{"line":344,"column":15},"end":{"line":348,"column":3}}},"15":{"name":"(anonymous_15)","decl":{"start":{"line":357,"column":10},"end":{"line":357,"column":31}},"loc":{"start":{"line":357,"column":31},"end":{"line":363,"column":3}}},"16":{"name":"(anonymous_16)","decl":{"start":{"line":358,"column":40},"end":{"line":358,"column":44}},"loc":{"start":{"line":358,"column":47},"end":{"line":362,"column":5}}},"17":{"name":"(anonymous_17)","decl":{"start":{"line":368,"column":10},"end":{"line":368,"column":27}},"loc":{"start":{"line":368,"column":40},"end":{"line":413,"column":3}}},"18":{"name":"(anonymous_18)","decl":{"start":{"line":418,"column":10},"end":{"line":418,"column":26}},"loc":{"start":{"line":418,"column":45},"end":{"line":446,"column":3}}},"19":{"name":"(anonymous_19)","decl":{"start":{"line":451,"column":10},"end":{"line":451,"column":18}},"loc":{"start":{"line":451,"column":67},"end":{"line":480,"column":3}}},"20":{"name":"(anonymous_20)","decl":{"start":{"line":485,"column":10},"end":{"line":485,"column":26}},"loc":{"start":{"line":485,"column":45},"end":{"line":488,"column":3}}},"21":{"name":"(anonymous_21)","decl":{"start":{"line":493,"column":10},"end":{"line":493,"column":28}},"loc":{"start":{"line":493,"column":28},"end":{"line":502,"column":3}}},"22":{"name":"(anonymous_22)","decl":{"start":{"line":497,"column":46},"end":{"line":497,"column":51}},"loc":{"start":{"line":498,"column":6},"end":{"line":498,"column":37}}},"23":{"name":"createMCPError","decl":{"start":{"line":513,"column":16},"end":{"line":513,"column":30}},"loc":{"start":{"line":517,"column":24},"end":{"line":520,"column":1}}},"24":{"name":"handleToolError","decl":{"start":{"line":525,"column":16},"end":{"line":525,"column":31}},"loc":{"start":{"line":529,"column":24},"end":{"line":532,"column":1}}},"25":{"name":"handleTransportError","decl":{"start":{"line":537,"column":16},"end":{"line":537,"column":36}},"loc":{"start":{"line":541,"column":24},"end":{"line":544,"column":1}}}},"branchMap":{"0":{"loc":{"start":{"line":66,"column":12},"end":{"line":66,"column":null}},"type":"binary-expr","locations":[{"start":{"line":66,"column":12},"end":{"line":66,"column":25}},{"start":{"line":66,"column":25},"end":{"line":66,"column":null}}]},"1":{"loc":{"start":{"line":103,"column":4},"end":{"line":105,"column":5}},"type":"if","locations":[{"start":{"line":103,"column":4},"end":{"line":105,"column":5}},{"start":{},"end":{}}]},"2":{"loc":{"start":{"line":108,"column":4},"end":{"line":110,"column":5}},"type":"if","locations":[{"start":{"line":108,"column":4},"end":{"line":110,"column":5}},{"start":{},"end":{}}]},"3":{"loc":{"start":{"line":113,"column":4},"end":{"line":118,"column":5}},"type":"if","locations":[{"start":{"line":113,"column":4},"end":{"line":118,"column":5}},{"start":{},"end":{}}]},"4":{"loc":{"start":{"line":115,"column":6},"end":{"line":117,"column":7}},"type":"if","locations":[{"start":{"line":115,"column":6},"end":{"line":117,"column":7}},{"start":{},"end":{}}]},"5":{"loc":{"start":{"line":256,"column":15},"end":{"line":256,"column":72}},"type":"cond-expr","locations":[{"start":{"line":256,"column":43},"end":{"line":256,"column":64}},{"start":{"line":256,"column":67},"end":{"line":256,"column":72}}]},"6":{"loc":{"start":{"line":359,"column":6},"end":{"line":361,"column":7}},"type":"if","locations":[{"start":{"line":359,"column":6},"end":{"line":361,"column":7}},{"start":{},"end":{}}]},"7":{"loc":{"start":{"line":371,"column":4},"end":{"line":373,"column":5}},"type":"if","locations":[{"start":{"line":371,"column":4},"end":{"line":373,"column":5}},{"start":{},"end":{}}]},"8":{"loc":{"start":{"line":371,"column":8},"end":{"line":371,"column":75}},"type":"binary-expr","locations":[{"start":{"line":371,"column":8},"end":{"line":371,"column":37}},{"start":{"line":371,"column":41},"end":{"line":371,"column":75}}]},"9":{"loc":{"start":{"line":375,"column":4},"end":{"line":377,"column":5}},"type":"if","locations":[{"start":{"line":375,"column":4},"end":{"line":377,"column":5}},{"start":{},"end":{}}]},"10":{"loc":{"start":{"line":375,"column":8},"end":{"line":375,"column":78}},"type":"binary-expr","locations":[{"start":{"line":375,"column":8},"end":{"line":375,"column":40}},{"start":{"line":375,"column":44},"end":{"line":375,"column":78}}]},"11":{"loc":{"start":{"line":379,"column":4},"end":{"line":381,"column":5}},"type":"if","locations":[{"start":{"line":379,"column":4},"end":{"line":381,"column":5}},{"start":{},"end":{}}]},"12":{"loc":{"start":{"line":379,"column":8},"end":{"line":379,"column":71}},"type":"binary-expr","locations":[{"start":{"line":379,"column":8},"end":{"line":379,"column":37}},{"start":{"line":379,"column":41},"end":{"line":379,"column":71}}]},"13":{"loc":{"start":{"line":383,"column":4},"end":{"line":385,"column":5}},"type":"if","locations":[{"start":{"line":383,"column":4},"end":{"line":385,"column":5}},{"start":{},"end":{}}]},"14":{"loc":{"start":{"line":383,"column":8},"end":{"line":383,"column":66}},"type":"binary-expr","locations":[{"start":{"line":383,"column":8},"end":{"line":383,"column":35}},{"start":{"line":383,"column":39},"end":{"line":383,"column":66}}]},"15":{"loc":{"start":{"line":387,"column":4},"end":{"line":389,"column":5}},"type":"if","locations":[{"start":{"line":387,"column":4},"end":{"line":389,"column":5}},{"start":{},"end":{}}]},"16":{"loc":{"start":{"line":387,"column":8},"end":{"line":387,"column":66}},"type":"binary-expr","locations":[{"start":{"line":387,"column":8},"end":{"line":387,"column":38}},{"start":{"line":387,"column":42},"end":{"line":387,"column":66}}]},"17":{"loc":{"start":{"line":391,"column":4},"end":{"line":393,"column":5}},"type":"if","locations":[{"start":{"line":391,"column":4},"end":{"line":393,"column":5}},{"start":{},"end":{}}]},"18":{"loc":{"start":{"line":391,"column":8},"end":{"line":391,"column":62}},"type":"binary-expr","locations":[{"start":{"line":391,"column":8},"end":{"line":391,"column":34}},{"start":{"line":391,"column":38},"end":{"line":391,"column":62}}]},"19":{"loc":{"start":{"line":395,"column":4},"end":{"line":397,"column":5}},"type":"if","locations":[{"start":{"line":395,"column":4},"end":{"line":397,"column":5}},{"start":{},"end":{}}]},"20":{"loc":{"start":{"line":395,"column":8},"end":{"line":395,"column":65}},"type":"binary-expr","locations":[{"start":{"line":395,"column":8},"end":{"line":395,"column":32}},{"start":{"line":395,"column":36},"end":{"line":395,"column":65}}]},"21":{"loc":{"start":{"line":399,"column":4},"end":{"line":401,"column":5}},"type":"if","locations":[{"start":{"line":399,"column":4},"end":{"line":401,"column":5}},{"start":{},"end":{}}]},"22":{"loc":{"start":{"line":399,"column":8},"end":{"line":399,"column":65}},"type":"binary-expr","locations":[{"start":{"line":399,"column":8},"end":{"line":399,"column":32}},{"start":{"line":399,"column":36},"end":{"line":399,"column":65}}]},"23":{"loc":{"start":{"line":403,"column":4},"end":{"line":405,"column":5}},"type":"if","locations":[{"start":{"line":403,"column":4},"end":{"line":405,"column":5}},{"start":{},"end":{}}]},"24":{"loc":{"start":{"line":403,"column":8},"end":{"line":403,"column":71}},"type":"binary-expr","locations":[{"start":{"line":403,"column":8},"end":{"line":403,"column":37}},{"start":{"line":403,"column":41},"end":{"line":403,"column":71}}]},"25":{"loc":{"start":{"line":407,"column":4},"end":{"line":409,"column":5}},"type":"if","locations":[{"start":{"line":407,"column":4},"end":{"line":409,"column":5}},{"start":{},"end":{}}]},"26":{"loc":{"start":{"line":407,"column":8},"end":{"line":407,"column":70}},"type":"binary-expr","locations":[{"start":{"line":407,"column":8},"end":{"line":407,"column":42}},{"start":{"line":407,"column":46},"end":{"line":407,"column":70}}]},"27":{"loc":{"start":{"line":419,"column":4},"end":{"line":445,"column":5}},"type":"switch","locations":[{"start":{"line":420,"column":6},"end":{"line":420,"column":36}},{"start":{"line":421,"column":6},"end":{"line":421,"column":40}},{"start":{"line":422,"column":6},"end":{"line":423,"column":33}},{"start":{"line":425,"column":6},"end":{"line":425,"column":41}},{"start":{"line":426,"column":6},"end":{"line":426,"column":39}},{"start":{"line":427,"column":6},"end":{"line":428,"column":36}},{"start":{"line":430,"column":6},"end":{"line":430,"column":46}},{"start":{"line":431,"column":6},"end":{"line":431,"column":40}},{"start":{"line":432,"column":6},"end":{"line":432,"column":40}},{"start":{"line":433,"column":6},"end":{"line":434,"column":34}},{"start":{"line":436,"column":6},"end":{"line":436,"column":39}},{"start":{"line":437,"column":6},"end":{"line":437,"column":46}},{"start":{"line":438,"column":6},"end":{"line":438,"column":46}},{"start":{"line":439,"column":6},"end":{"line":439,"column":46}},{"start":{"line":440,"column":6},"end":{"line":441,"column":38}},{"start":{"line":443,"column":6},"end":{"line":444,"column":36}}]},"28":{"loc":{"start":{"line":459,"column":4},"end":{"line":461,"column":5}},"type":"if","locations":[{"start":{"line":459,"column":4},"end":{"line":461,"column":5}},{"start":{},"end":{}}]},"29":{"loc":{"start":{"line":466,"column":4},"end":{"line":479,"column":5}},"type":"switch","locations":[{"start":{"line":467,"column":6},"end":{"line":469,"column":14}},{"start":{"line":470,"column":6},"end":{"line":472,"column":14}},{"start":{"line":473,"column":6},"end":{"line":475,"column":14}},{"start":{"line":476,"column":6},"end":{"line":478,"column":14}}]},"30":{"loc":{"start":{"line":486,"column":25},"end":{"line":486,"column":56}},"type":"binary-expr","locations":[{"start":{"line":486,"column":25},"end":{"line":486,"column":51}},{"start":{"line":486,"column":55},"end":{"line":486,"column":56}}]}},"s":{"0":1,"1":1,"2":1,"3":1,"4":1,"5":1,"6":1,"7":1,"8":1,"9":17,"10":17,"11":17,"12":17,"13":31,"14":31,"15":12,"16":31,"17":12,"18":31,"19":1,"20":1,"21":1,"22":31,"23":31,"24":31,"25":31,"26":0,"27":0,"28":10,"29":10,"30":10,"31":10,"32":1,"33":1,"34":1,"35":1,"36":0,"37":0,"38":0,"39":0,"40":0,"41":0,"42":0,"43":0,"44":0,"45":0,"46":0,"47":0,"48":0,"49":0,"50":0,"51":0,"52":4,"53":64,"54":4,"55":4,"56":0,"57":4,"58":0,"59":0,"60":0,"61":17,"62":544,"63":272,"64":10,"65":10,"66":2,"67":8,"68":1,"69":7,"70":1,"71":6,"72":1,"73":5,"74":0,"75":5,"76":1,"77":4,"78":2,"79":2,"80":0,"81":2,"82":1,"83":1,"84":0,"85":1,"86":31,"87":7,"88":2,"89":6,"90":16,"91":0,"92":31,"93":31,"94":0,"95":31,"96":31,"97":7,"98":7,"99":2,"100":2,"101":6,"102":6,"103":16,"104":16,"105":31,"106":31,"107":4,"108":4,"109":4,"110":0,"111":4,"112":1,"113":1,"114":20,"115":10,"116":1,"117":1},"f":{"0":1,"1":17,"2":31,"3":0,"4":0,"5":10,"6":1,"7":0,"8":0,"9":0,"10":0,"11":4,"12":64,"13":0,"14":0,"15":17,"16":544,"17":10,"18":31,"19":31,"20":31,"21":4,"22":0,"23":20,"24":10,"25":1},"b":{"0":[1,1],"1":[12,19],"2":[12,19],"3":[1,30],"4":[1,0],"5":[0,0],"6":[272,272],"7":[2,8],"8":[10,8],"9":[1,7],"10":[8,8],"11":[1,6],"12":[7,7],"13":[1,5],"14":[6,5],"15":[0,5],"16":[5,5],"17":[1,4],"18":[5,4],"19":[2,2],"20":[4,2],"21":[0,2],"22":[2,0],"23":[1,1],"24":[2,1],"25":[0,1],"26":[1,1],"27":[1,2,7,0,0,2,2,4,6,6,11,11,13,15,16,0],"28":[0,31],"29":[7,2,6,16],"30":[31,11]}}
,"C:\\Users\\gl0022\\Documents\\GitHub\\bitbucket-mcp-server\\src\\types\\index.ts": {"path":"C:\\Users\\gl0022\\Documents\\GitHub\\bitbucket-mcp-server\\src\\types\\index.ts","statementMap":{"0":{"start":{"line":650,"column":0},"end":{"line":650,"column":16}},"1":{"start":{"line":662,"column":0},"end":{"line":662,"column":16}},"2":{"start":{"line":677,"column":0},"end":{"line":677,"column":16}},"3":{"start":{"line":60,"column":0},"end":{"line":60,"column":null}},"4":{"start":{"line":62,"column":2},"end":{"line":62,"column":null}},"5":{"start":{"line":63,"column":2},"end":{"line":63,"column":null}},"6":{"start":{"line":64,"column":2},"end":{"line":64,"column":null}},"7":{"start":{"line":65,"column":2},"end":{"line":65,"column":null}},"8":{"start":{"line":66,"column":2},"end":{"line":66,"column":null}},"9":{"start":{"line":69,"column":2},"end":{"line":69,"column":null}},"10":{"start":{"line":70,"column":2},"end":{"line":70,"column":null}},"11":{"start":{"line":71,"column":2},"end":{"line":71,"column":null}},"12":{"start":{"line":72,"column":2},"end":{"line":72,"column":null}},"13":{"start":{"line":73,"column":2},"end":{"line":73,"column":null}},"14":{"start":{"line":74,"column":2},"end":{"line":74,"column":null}},"15":{"start":{"line":75,"column":2},"end":{"line":75,"column":null}},"16":{"start":{"line":76,"column":2},"end":{"line":76,"column":null}},"17":{"start":{"line":77,"column":2},"end":{"line":77,"column":null}},"18":{"start":{"line":78,"column":2},"end":{"line":78,"column":null}},"19":{"start":{"line":79,"column":2},"end":{"line":79,"column":null}},"20":{"start":{"line":184,"column":0},"end":{"line":184,"column":null}},"21":{"start":{"line":185,"column":2},"end":{"line":185,"column":null}},"22":{"start":{"line":186,"column":2},"end":{"line":186,"column":null}},"23":{"start":{"line":187,"column":2},"end":{"line":187,"column":null}},"24":{"start":{"line":188,"column":2},"end":{"line":188,"column":null}},"25":{"start":{"line":189,"column":2},"end":{"line":189,"column":null}},"26":{"start":{"line":190,"column":2},"end":{"line":190,"column":null}},"27":{"start":{"line":651,"column":2},"end":{"line":656,"column":4}},"28":{"start":{"line":663,"column":2},"end":{"line":671,"column":4}},"29":{"start":{"line":678,"column":2},"end":{"line":686,"column":4}},"30":{"start":{"line":693,"column":0},"end":{"line":693,"column":24}}},"fnMap":{"0":{"name":"(anonymous_4)","decl":{"start":{"line":60,"column":0},"end":{"line":60,"column":12}},"loc":{"start":{"line":60,"column":24},"end":{"line":80,"column":1}}},"1":{"name":"(anonymous_5)","decl":{"start":{"line":184,"column":0},"end":{"line":184,"column":12}},"loc":{"start":{"line":184,"column":30},"end":{"line":191,"column":1}}},"2":{"name":"isProtocolMessage","decl":{"start":{"line":650,"column":16},"end":{"line":650,"column":33}},"loc":{"start":{"line":650,"column":42},"end":{"line":657,"column":1}}},"3":{"name":"isTool","decl":{"start":{"line":662,"column":16},"end":{"line":662,"column":22}},"loc":{"start":{"line":662,"column":31},"end":{"line":672,"column":1}}},"4":{"name":"isClientSession","decl":{"start":{"line":677,"column":16},"end":{"line":677,"column":31}},"loc":{"start":{"line":677,"column":40},"end":{"line":687,"column":1}}}},"branchMap":{"0":{"loc":{"start":{"line":60,"column":12},"end":{"line":60,"column":null}},"type":"binary-expr","locations":[{"start":{"line":60,"column":12},"end":{"line":60,"column":24}},{"start":{"line":60,"column":24},"end":{"line":60,"column":null}}]},"1":{"loc":{"start":{"line":184,"column":12},"end":{"line":184,"column":null}},"type":"binary-expr","locations":[{"start":{"line":184,"column":12},"end":{"line":184,"column":30}},{"start":{"line":184,"column":30},"end":{"line":184,"column":null}}]},"2":{"loc":{"start":{"line":652,"column":4},"end":{"line":655,"column":81}},"type":"binary-expr","locations":[{"start":{"line":652,"column":4},"end":{"line":652,"column":7}},{"start":{"line":653,"column":4},"end":{"line":653,"column":27}},{"start":{"line":654,"column":4},"end":{"line":654,"column":25}},{"start":{"line":655,"column":5},"end":{"line":655,"column":31}},{"start":{"line":655,"column":35},"end":{"line":655,"column":61}},{"start":{"line":655,"column":65},"end":{"line":655,"column":80}}]},"3":{"loc":{"start":{"line":664,"column":4},"end":{"line":670,"column":36}},"type":"binary-expr","locations":[{"start":{"line":664,"column":4},"end":{"line":664,"column":7}},{"start":{"line":665,"column":4},"end":{"line":665,"column":27}},{"start":{"line":666,"column":4},"end":{"line":666,"column":32}},{"start":{"line":667,"column":4},"end":{"line":667,"column":39}},{"start":{"line":668,"column":4},"end":{"line":668,"column":33}},{"start":{"line":669,"column":4},"end":{"line":669,"column":37}},{"start":{"line":670,"column":4},"end":{"line":670,"column":36}}]},"4":{"loc":{"start":{"line":679,"column":4},"end":{"line":685,"column":33}},"type":"binary-expr","locations":[{"start":{"line":679,"column":4},"end":{"line":679,"column":7}},{"start":{"line":680,"column":4},"end":{"line":680,"column":27}},{"start":{"line":681,"column":4},"end":{"line":681,"column":30}},{"start":{"line":682,"column":4},"end":{"line":682,"column":36}},{"start":{"line":683,"column":4},"end":{"line":683,"column":33}},{"start":{"line":684,"column":4},"end":{"line":684,"column":17}},{"start":{"line":685,"column":4},"end":{"line":685,"column":33}}]}},"s":{"0":1,"1":1,"2":1,"3":1,"4":1,"5":1,"6":1,"7":1,"8":1,"9":1,"10":1,"11":1,"12":1,"13":1,"14":1,"15":1,"16":1,"17":1,"18":1,"19":1,"20":1,"21":1,"22":1,"23":1,"24":1,"25":1,"26":1,"27":0,"28":0,"29":0,"30":1},"f":{"0":1,"1":1,"2":0,"3":0,"4":0},"b":{"0":[1,1],"1":[1,1],"2":[0,0,0,0,0,0],"3":[0,0,0,0,0,0,0],"4":[0,0,0,0,0,0,0]}}
}
