TN:
SF:src\server\error-handler.ts
FN:66,(anonymous_0)
FN:83,(anonymous_1)
FN:90,(anonymous_2)
FN:142,(anonymous_3)
FN:154,(anonymous_4)
FN:166,(anonymous_5)
FN:191,(anonymous_6)
FN:216,(anonymous_7)
FN:241,(anonymous_8)
FN:268,(anonymous_9)
FN:294,(anonymous_10)
FN:319,(anonymous_11)
FN:325,(anonymous_12)
FN:327,(anonymous_13)
FN:344,(anonymous_14)
FN:357,(anonymous_15)
FN:358,(anonymous_16)
FN:368,(anonymous_17)
FN:418,(anonymous_18)
FN:451,(anonymous_19)
FN:485,(anonymous_20)
FN:493,(anonymous_21)
FN:497,(anonymous_22)
FN:513,createMCPError
FN:525,handleToolError
FN:537,handleTransportError
FNF:26
FNH:17
FNDA:1,(anonymous_0)
FNDA:17,(anonymous_1)
FNDA:31,(anonymous_2)
FNDA:0,(anonymous_3)
FNDA:0,(anonymous_4)
FNDA:10,(anonymous_5)
FNDA:1,(anonymous_6)
FNDA:0,(anonymous_7)
FNDA:0,(anonymous_8)
FNDA:0,(anonymous_9)
FNDA:0,(anonymous_10)
FNDA:4,(anonymous_11)
FNDA:64,(anonymous_12)
FNDA:0,(anonymous_13)
FNDA:0,(anonymous_14)
FNDA:17,(anonymous_15)
FNDA:544,(anonymous_16)
FNDA:10,(anonymous_17)
FNDA:31,(anonymous_18)
FNDA:31,(anonymous_19)
FNDA:31,(anonymous_20)
FNDA:4,(anonymous_21)
FNDA:0,(anonymous_22)
FNDA:20,createMCPError
FNDA:10,handleToolError
FNDA:1,handleTransportError
DA:22,1
DA:66,1
DA:67,1
DA:68,1
DA:69,1
DA:70,1
DA:78,1
DA:79,17
DA:80,17
DA:81,17
DA:84,17
DA:96,31
DA:103,31
DA:104,12
DA:108,31
DA:109,12
DA:113,31
DA:114,1
DA:115,1
DA:116,1
DA:120,31
DA:131,31
DA:134,31
DA:136,31
DA:148,0
DA:160,0
DA:172,10
DA:173,10
DA:175,10
DA:185,10
DA:197,1
DA:198,1
DA:200,1
DA:210,1
DA:222,0
DA:223,0
DA:225,0
DA:235,0
DA:248,0
DA:249,0
DA:251,0
DA:262,0
DA:274,0
DA:275,0
DA:277,0
DA:288,0
DA:300,0
DA:301,0
DA:303,0
DA:313,0
DA:325,64
DA:326,4
DA:327,4
DA:333,4
DA:345,0
DA:346,0
DA:347,0
DA:358,17
DA:359,544
DA:360,272
DA:369,10
DA:371,10
DA:372,2
DA:375,8
DA:376,1
DA:379,7
DA:380,1
DA:383,6
DA:384,1
DA:387,5
DA:388,0
DA:391,5
DA:392,1
DA:395,4
DA:396,2
DA:399,2
DA:400,0
DA:403,2
DA:404,1
DA:407,1
DA:408,0
DA:412,1
DA:419,31
DA:423,7
DA:428,2
DA:434,6
DA:441,16
DA:444,0
DA:452,31
DA:459,31
DA:460,0
DA:464,31
DA:466,31
DA:468,7
DA:469,7
DA:471,2
DA:472,2
DA:474,6
DA:475,6
DA:477,16
DA:478,16
DA:486,31
DA:487,31
DA:494,4
DA:495,4
DA:497,4
DA:498,0
DA:501,4
DA:508,1
DA:513,1
DA:519,20
DA:525,1
DA:531,10
DA:537,1
DA:543,1
DA:546,1
LF:116
LH:89
BRDA:66,0,0,1
BRDA:66,0,1,1
BRDA:103,1,0,12
BRDA:103,1,1,19
BRDA:108,2,0,12
BRDA:108,2,1,19
BRDA:113,3,0,1
BRDA:113,3,1,30
BRDA:115,4,0,1
BRDA:115,4,1,0
BRDA:256,5,0,0
BRDA:256,5,1,0
BRDA:359,6,0,272
BRDA:359,6,1,272
BRDA:371,7,0,2
BRDA:371,7,1,8
BRDA:371,8,0,10
BRDA:371,8,1,8
BRDA:375,9,0,1
BRDA:375,9,1,7
BRDA:375,10,0,8
BRDA:375,10,1,8
BRDA:379,11,0,1
BRDA:379,11,1,6
BRDA:379,12,0,7
BRDA:379,12,1,7
BRDA:383,13,0,1
BRDA:383,13,1,5
BRDA:383,14,0,6
BRDA:383,14,1,5
BRDA:387,15,0,0
BRDA:387,15,1,5
BRDA:387,16,0,5
BRDA:387,16,1,5
BRDA:391,17,0,1
BRDA:391,17,1,4
BRDA:391,18,0,5
BRDA:391,18,1,4
BRDA:395,19,0,2
BRDA:395,19,1,2
BRDA:395,20,0,4
BRDA:395,20,1,2
BRDA:399,21,0,0
BRDA:399,21,1,2
BRDA:399,22,0,2
BRDA:399,22,1,0
BRDA:403,23,0,1
BRDA:403,23,1,1
BRDA:403,24,0,2
BRDA:403,24,1,1
BRDA:407,25,0,0
BRDA:407,25,1,1
BRDA:407,26,0,1
BRDA:407,26,1,1
BRDA:419,27,0,1
BRDA:419,27,1,2
BRDA:419,27,2,7
BRDA:419,27,3,0
BRDA:419,27,4,0
BRDA:419,27,5,2
BRDA:419,27,6,2
BRDA:419,27,7,4
BRDA:419,27,8,6
BRDA:419,27,9,6
BRDA:419,27,10,11
BRDA:419,27,11,11
BRDA:419,27,12,13
BRDA:419,27,13,15
BRDA:419,27,14,16
BRDA:419,27,15,0
BRDA:459,28,0,0
BRDA:459,28,1,31
BRDA:466,29,0,7
BRDA:466,29,1,2
BRDA:466,29,2,6
BRDA:466,29,3,16
BRDA:486,30,0,31
BRDA:486,30,1,11
BRF:78
BRH:67
end_of_record
TN:
SF:src\types\index.ts
FN:60,(anonymous_4)
FN:184,(anonymous_5)
FN:650,isProtocolMessage
FN:662,isTool
FN:677,isClientSession
FNF:5
FNH:2
FNDA:1,(anonymous_4)
FNDA:1,(anonymous_5)
FNDA:0,isProtocolMessage
FNDA:0,isTool
FNDA:0,isClientSession
DA:60,1
DA:62,1
DA:63,1
DA:64,1
DA:65,1
DA:66,1
DA:69,1
DA:70,1
DA:71,1
DA:72,1
DA:73,1
DA:74,1
DA:75,1
DA:76,1
DA:77,1
DA:78,1
DA:79,1
DA:184,1
DA:185,1
DA:186,1
DA:187,1
DA:188,1
DA:189,1
DA:190,1
DA:650,1
DA:651,0
DA:662,1
DA:663,0
DA:677,1
DA:678,0
DA:693,1
LF:31
LH:28
BRDA:60,0,0,1
BRDA:60,0,1,1
BRDA:184,1,0,1
BRDA:184,1,1,1
BRDA:652,2,0,0
BRDA:652,2,1,0
BRDA:652,2,2,0
BRDA:652,2,3,0
BRDA:652,2,4,0
BRDA:652,2,5,0
BRDA:664,3,0,0
BRDA:664,3,1,0
BRDA:664,3,2,0
BRDA:664,3,3,0
BRDA:664,3,4,0
BRDA:664,3,5,0
BRDA:664,3,6,0
BRDA:679,4,0,0
BRDA:679,4,1,0
BRDA:679,4,2,0
BRDA:679,4,3,0
BRDA:679,4,4,0
BRDA:679,4,5,0
BRDA:679,4,6,0
BRF:24
BRH:4
end_of_record
