TN:
SF:src\server\client-session.ts
FN:54,(anonymous_0)
FN:92,(anonymous_1)
FN:96,(anonymous_2)
FN:100,(anonymous_3)
FN:104,(anonymous_4)
FN:108,(anonymous_5)
FN:112,(anonymous_6)
FN:116,(anonymous_7)
FN:121,(anonymous_8)
FN:125,(anonymous_9)
FN:129,(anonymous_10)
FN:133,(anonymous_11)
FN:137,(anonymous_12)
FN:141,(anonymous_13)
FN:149,(anonymous_14)
FN:158,(anonymous_15)
FN:166,(anonymous_16)
FN:175,(anonymous_17)
FN:199,(anonymous_18)
FN:219,(anonymous_19)
FN:243,(anonymous_20)
FN:272,(anonymous_21)
FN:298,(anonymous_22)
FN:306,(anonymous_23)
FN:314,(anonymous_24)
FN:321,(anonymous_25)
FN:331,(anonymous_26)
FN:339,(anonymous_27)
FN:350,(anonymous_28)
FN:351,(anonymous_29)
FN:356,(anonymous_30)
FN:361,(anonymous_31)
FN:370,(anonymous_32)
FN:378,(anonymous_33)
FN:388,(anonymous_34)
FN:395,(anonymous_35)
FN:398,(anonymous_36)
FN:406,(anonymous_37)
FN:416,(anonymous_38)
FN:424,(anonymous_39)
FN:436,(anonymous_40)
FN:449,(anonymous_41)
FN:460,(anonymous_42)
FN:467,(anonymous_43)
FN:479,(anonymous_44)
FN:501,(anonymous_45)
FN:519,(anonymous_46)
FNF:47
FNH:0
FNDA:0,(anonymous_0)
FNDA:0,(anonymous_1)
FNDA:0,(anonymous_2)
FNDA:0,(anonymous_3)
FNDA:0,(anonymous_4)
FNDA:0,(anonymous_5)
FNDA:0,(anonymous_6)
FNDA:0,(anonymous_7)
FNDA:0,(anonymous_8)
FNDA:0,(anonymous_9)
FNDA:0,(anonymous_10)
FNDA:0,(anonymous_11)
FNDA:0,(anonymous_12)
FNDA:0,(anonymous_13)
FNDA:0,(anonymous_14)
FNDA:0,(anonymous_15)
FNDA:0,(anonymous_16)
FNDA:0,(anonymous_17)
FNDA:0,(anonymous_18)
FNDA:0,(anonymous_19)
FNDA:0,(anonymous_20)
FNDA:0,(anonymous_21)
FNDA:0,(anonymous_22)
FNDA:0,(anonymous_23)
FNDA:0,(anonymous_24)
FNDA:0,(anonymous_25)
FNDA:0,(anonymous_26)
FNDA:0,(anonymous_27)
FNDA:0,(anonymous_28)
FNDA:0,(anonymous_29)
FNDA:0,(anonymous_30)
FNDA:0,(anonymous_31)
FNDA:0,(anonymous_32)
FNDA:0,(anonymous_33)
FNDA:0,(anonymous_34)
FNDA:0,(anonymous_35)
FNDA:0,(anonymous_36)
FNDA:0,(anonymous_37)
FNDA:0,(anonymous_38)
FNDA:0,(anonymous_39)
FNDA:0,(anonymous_40)
FNDA:0,(anonymous_41)
FNDA:0,(anonymous_42)
FNDA:0,(anonymous_43)
FNDA:0,(anonymous_44)
FNDA:0,(anonymous_45)
FNDA:0,(anonymous_46)
DA:22,1
DA:23,1
DA:35,1
DA:45,0
DA:61,0
DA:63,0
DA:64,0
DA:65,0
DA:66,0
DA:67,0
DA:68,0
DA:69,0
DA:70,0
DA:71,0
DA:73,0
DA:82,0
DA:85,0
DA:93,0
DA:97,0
DA:101,0
DA:105,0
DA:109,0
DA:113,0
DA:117,0
DA:118,0
DA:122,0
DA:126,0
DA:130,0
DA:134,0
DA:138,0
DA:142,0
DA:143,0
DA:150,0
DA:151,0
DA:152,0
DA:159,0
DA:167,0
DA:168,0
DA:169,0
DA:176,0
DA:177,0
DA:178,0
DA:182,0
DA:200,0
DA:201,0
DA:204,0
DA:205,0
DA:206,0
DA:207,0
DA:208,0
DA:210,0
DA:211,0
DA:212,0
DA:220,0
DA:221,0
DA:224,0
DA:226,0
DA:227,0
DA:230,0
DA:231,0
DA:232,0
DA:234,0
DA:235,0
DA:236,0
DA:244,0
DA:245,0
DA:248,0
DA:249,0
DA:251,0
DA:253,0
DA:256,0
DA:257,0
DA:260,0
DA:261,0
DA:263,0
DA:264,0
DA:265,0
DA:273,0
DA:274,0
DA:276,0
DA:277,0
DA:279,0
DA:280,0
DA:283,0
DA:284,0
DA:286,0
DA:287,0
DA:299,0
DA:300,0
DA:307,0
DA:308,0
DA:315,0
DA:322,0
DA:323,0
DA:324,0
DA:325,0
DA:332,0
DA:333,0
DA:340,0
DA:351,0
DA:352,0
DA:353,0
DA:356,0
DA:357,0
DA:358,0
DA:361,0
DA:362,0
DA:363,0
DA:371,0
DA:372,0
DA:379,0
DA:380,0
DA:381,0
DA:389,0
DA:396,0
DA:398,0
DA:399,0
DA:407,0
DA:408,0
DA:409,0
DA:417,0
DA:418,0
DA:425,0
DA:426,0
DA:437,0
DA:438,0
DA:442,0
DA:450,0
DA:451,0
DA:461,0
DA:468,0
DA:475,1
DA:487,0
DA:489,0
DA:505,0
DA:506,0
DA:509,0
DA:510,0
DA:513,0
DA:520,0
DA:521,0
DA:522,0
DA:523,0
DA:525,0
LF:144
LH:4
BRDA:58,0,0,0
BRDA:59,1,0,0
BRDA:159,2,0,0
BRDA:159,2,1,0
BRDA:178,3,0,0
BRDA:178,3,1,0
BRDA:188,4,0,0
BRDA:188,4,1,0
BRDA:200,5,0,0
BRDA:200,5,1,0
BRDA:220,6,0,0
BRDA:220,6,1,0
BRDA:226,7,0,0
BRDA:226,7,1,0
BRDA:244,8,0,0
BRDA:244,8,1,0
BRDA:256,9,0,0
BRDA:256,9,1,0
BRDA:279,10,0,0
BRDA:279,10,1,0
BRDA:379,11,0,0
BRDA:379,11,1,0
BRDA:407,12,0,0
BRDA:407,12,1,0
BRDA:482,13,0,0
BRDA:505,14,0,0
BRDA:505,14,1,0
BRDA:505,15,0,0
BRDA:505,15,1,0
BRDA:505,15,2,0
BRDA:509,16,0,0
BRDA:509,16,1,0
BRDA:509,17,0,0
BRDA:509,17,1,0
BRDA:509,17,2,0
BRF:35
BRH:0
end_of_record
TN:
SF:src\server\mcp-server.ts
FN:62,(anonymous_0)
FN:89,(anonymous_1)
FN:93,(anonymous_2)
FN:97,(anonymous_3)
FN:98,(anonymous_4)
FN:101,(anonymous_5)
FN:105,(anonymous_6)
FN:109,(anonymous_7)
FN:113,(anonymous_8)
FN:116,(anonymous_9)
FN:143,(anonymous_10)
FN:173,(anonymous_11)
FN:205,(anonymous_12)
FN:218,(anonymous_13)
FN:230,(anonymous_14)
FN:269,(anonymous_15)
FN:297,(anonymous_16)
FN:298,(anonymous_17)
FN:304,(anonymous_18)
FN:311,(anonymous_19)
FN:313,(anonymous_20)
FN:323,(anonymous_21)
FN:347,(anonymous_22)
FN:373,(anonymous_23)
FN:380,(anonymous_24)
FN:387,(anonymous_25)
FN:394,(anonymous_26)
FN:401,(anonymous_27)
FN:408,(anonymous_28)
FN:415,(anonymous_29)
FN:422,(anonymous_30)
FN:429,(anonymous_31)
FN:512,(anonymous_32)
FN:574,(anonymous_33)
FN:609,(anonymous_34)
FN:611,(anonymous_35)
FN:612,(anonymous_36)
FN:615,(anonymous_37)
FN:620,(anonymous_38)
FN:629,(anonymous_39)
FN:630,(anonymous_40)
FN:635,(anonymous_41)
FN:637,(anonymous_42)
FN:642,(anonymous_43)
FN:651,(anonymous_44)
FN:662,(anonymous_45)
FN:679,(anonymous_46)
FN:680,(anonymous_47)
FN:681,(anonymous_48)
FN:693,(anonymous_49)
FN:694,(anonymous_50)
FN:702,(anonymous_51)
FN:712,(anonymous_52)
FN:716,(anonymous_53)
FN:720,(anonymous_54)
FN:739,(anonymous_55)
FN:753,(anonymous_56)
FN:760,(anonymous_57)
FN:772,(anonymous_58)
FNF:59
FNH:16
FNDA:14,(anonymous_0)
FNDA:0,(anonymous_1)
FNDA:14,(anonymous_2)
FNDA:1,(anonymous_3)
FNDA:0,(anonymous_4)
FNDA:15,(anonymous_5)
FNDA:0,(anonymous_6)
FNDA:0,(anonymous_7)
FNDA:0,(anonymous_8)
FNDA:0,(anonymous_9)
FNDA:0,(anonymous_10)
FNDA:0,(anonymous_11)
FNDA:0,(anonymous_12)
FNDA:0,(anonymous_13)
FNDA:0,(anonymous_14)
FNDA:0,(anonymous_15)
FNDA:0,(anonymous_16)
FNDA:0,(anonymous_17)
FNDA:0,(anonymous_18)
FNDA:0,(anonymous_19)
FNDA:0,(anonymous_20)
FNDA:12,(anonymous_21)
FNDA:1,(anonymous_22)
FNDA:7,(anonymous_23)
FNDA:2,(anonymous_24)
FNDA:1,(anonymous_25)
FNDA:1,(anonymous_26)
FNDA:1,(anonymous_27)
FNDA:1,(anonymous_28)
FNDA:1,(anonymous_29)
FNDA:1,(anonymous_30)
FNDA:0,(anonymous_31)
FNDA:0,(anonymous_32)
FNDA:0,(anonymous_33)
FNDA:14,(anonymous_34)
FNDA:0,(anonymous_35)
FNDA:0,(anonymous_36)
FNDA:0,(anonymous_37)
FNDA:0,(anonymous_38)
FNDA:0,(anonymous_39)
FNDA:0,(anonymous_40)
FNDA:0,(anonymous_41)
FNDA:0,(anonymous_42)
FNDA:0,(anonymous_43)
FNDA:0,(anonymous_44)
FNDA:0,(anonymous_45)
FNDA:0,(anonymous_46)
FNDA:0,(anonymous_47)
FNDA:0,(anonymous_48)
FNDA:0,(anonymous_49)
FNDA:0,(anonymous_50)
FNDA:0,(anonymous_51)
FNDA:0,(anonymous_52)
FNDA:0,(anonymous_53)
FNDA:0,(anonymous_54)
FNDA:0,(anonymous_55)
FNDA:0,(anonymous_56)
FNDA:0,(anonymous_57)
FNDA:13,(anonymous_58)
DA:24,1
DA:25,1
DA:40,1
DA:41,1
DA:47,1
DA:49,14
DA:50,14
DA:51,14
DA:53,14
DA:54,14
DA:63,14
DA:65,14
DA:66,14
DA:74,14
DA:82,14
DA:90,0
DA:94,14
DA:98,1
DA:102,15
DA:106,0
DA:110,0
DA:114,0
DA:115,0
DA:116,0
DA:117,0
DA:120,0
DA:124,0
DA:144,0
DA:145,0
DA:148,0
DA:150,0
DA:153,0
DA:156,0
DA:158,0
DA:159,0
DA:161,0
DA:162,0
DA:164,0
DA:165,0
DA:166,0
DA:174,0
DA:175,0
DA:178,0
DA:179,0
DA:182,0
DA:185,0
DA:188,0
DA:190,0
DA:191,0
DA:193,0
DA:194,0
DA:196,0
DA:197,0
DA:198,0
DA:206,0
DA:207,0
DA:208,0
DA:219,0
DA:220,0
DA:224,0
DA:225,0
DA:229,0
DA:230,0
DA:232,0
DA:233,0
DA:236,0
DA:238,0
DA:247,0
DA:250,0
DA:253,0
DA:255,0
DA:256,0
DA:258,0
DA:260,0
DA:261,0
DA:262,0
DA:270,0
DA:271,0
DA:272,0
DA:275,0
DA:277,0
DA:280,0
DA:283,0
DA:285,0
DA:286,0
DA:288,0
DA:289,0
DA:290,0
DA:298,0
DA:305,0
DA:312,0
DA:313,0
DA:324,12
DA:326,12
DA:328,10
DA:329,10
DA:332,10
DA:333,0
DA:334,0
DA:338,2
DA:339,2
DA:340,2
DA:348,1
DA:350,1
DA:352,1
DA:353,1
DA:354,1
DA:357,1
DA:358,0
DA:359,0
DA:364,0
DA:365,0
DA:366,0
DA:374,7
DA:381,2
DA:388,1
DA:395,1
DA:402,1
DA:409,1
DA:416,1
DA:423,1
DA:430,0
DA:432,0
DA:434,0
DA:435,0
DA:436,0
DA:440,0
DA:441,0
DA:442,0
DA:446,0
DA:447,0
DA:451,0
DA:452,0
DA:455,0
DA:471,0
DA:472,0
DA:473,0
DA:474,0
DA:475,0
DA:477,0
DA:478,0
DA:480,0
DA:482,0
DA:483,0
DA:484,0
DA:486,0
DA:487,0
DA:489,0
DA:513,0
DA:514,0
DA:515,0
DA:516,0
DA:517,0
DA:521,0
DA:524,0
DA:525,0
DA:529,0
DA:530,0
DA:534,0
DA:535,0
DA:539,0
DA:540,0
DA:541,0
DA:542,0
DA:543,0
DA:547,0
DA:550,0
DA:576,0
DA:577,0
DA:580,0
DA:581,0
DA:584,0
DA:585,0
DA:588,0
DA:589,0
DA:593,0
DA:594,0
DA:595,0
DA:599,0
DA:611,14
DA:612,14
DA:615,14
DA:616,0
DA:617,0
DA:620,14
DA:621,0
DA:622,0
DA:630,0
DA:631,0
DA:635,0
DA:636,0
DA:637,0
DA:638,0
DA:642,0
DA:643,0
DA:644,0
DA:652,0
DA:655,0
DA:663,0
DA:664,0
DA:665,0
DA:666,0
DA:668,0
DA:670,0
DA:673,0
DA:680,0
DA:681,0
DA:682,0
DA:686,0
DA:687,0
DA:694,0
DA:695,0
DA:703,0
DA:704,0
DA:705,0
DA:713,0
DA:715,0
DA:716,0
DA:718,0
DA:719,0
DA:720,0
DA:721,0
DA:726,0
DA:727,0
DA:728,0
DA:732,0
DA:740,0
DA:741,0
DA:742,0
DA:743,0
DA:745,0
DA:746,0
DA:754,0
DA:761,0
DA:762,0
DA:763,0
DA:765,0
DA:773,13
DA:774,13
DA:776,13
DA:777,2
DA:779,11
LF:242
LH:49
BRDA:115,0,0,0
BRDA:115,0,1,0
BRDA:117,1,0,0
BRDA:117,1,1,0
BRDA:120,2,0,0
BRDA:120,2,1,0
BRDA:144,3,0,0
BRDA:144,3,1,0
BRDA:174,4,0,0
BRDA:174,4,1,0
BRDA:219,5,0,0
BRDA:219,5,1,0
BRDA:224,6,0,0
BRDA:224,6,1,0
BRDA:230,7,0,0
BRDA:230,7,1,0
BRDA:232,8,0,0
BRDA:232,8,1,0
BRDA:271,9,0,0
BRDA:271,9,1,0
BRDA:313,10,0,0
BRDA:313,10,1,0
BRDA:333,11,0,0
BRDA:333,11,1,0
BRDA:352,12,0,1
BRDA:352,12,1,0
BRDA:358,13,0,0
BRDA:358,13,1,0
BRDA:435,14,0,0
BRDA:435,14,1,0
BRDA:435,15,0,0
BRDA:435,15,1,0
BRDA:441,16,0,0
BRDA:441,16,1,0
BRDA:446,17,0,0
BRDA:446,17,1,0
BRDA:493,18,0,0
BRDA:493,18,1,0
BRDA:517,19,0,0
BRDA:517,19,1,0
BRDA:524,20,0,0
BRDA:524,20,1,0
BRDA:529,21,0,0
BRDA:529,21,1,0
BRDA:534,22,0,0
BRDA:534,22,1,0
BRDA:542,23,0,0
BRDA:542,23,1,0
BRDA:547,24,0,0
BRDA:547,24,1,0
BRDA:548,25,0,0
BRDA:548,25,1,0
BRDA:576,26,0,0
BRDA:576,26,1,0
BRDA:576,27,0,0
BRDA:576,27,1,0
BRDA:580,28,0,0
BRDA:580,28,1,0
BRDA:584,29,0,0
BRDA:584,29,1,0
BRDA:588,30,0,0
BRDA:588,30,1,0
BRDA:594,31,0,0
BRDA:594,31,1,0
BRDA:665,32,0,0
BRDA:665,32,1,0
BRDA:703,33,0,0
BRDA:703,33,1,0
BRDA:727,34,0,0
BRDA:727,34,1,0
BRDA:776,35,0,2
BRDA:776,35,1,11
BRF:72
BRH:3
end_of_record
TN:
SF:src\server\tool-registry.ts
FN:96,(anonymous_0)
FN:116,(anonymous_1)
FN:185,(anonymous_2)
FN:220,(anonymous_3)
FN:229,(anonymous_4)
FN:230,(anonymous_5)
FN:237,(anonymous_6)
FN:244,(anonymous_7)
FN:245,(anonymous_8)
FN:252,(anonymous_9)
FN:260,(anonymous_10)
FN:264,(anonymous_11)
FN:277,(anonymous_12)
FN:293,(anonymous_13)
FN:309,(anonymous_14)
FN:371,(anonymous_15)
FN:397,(anonymous_16)
FN:399,(anonymous_17)
FN:400,(anonymous_18)
FN:410,(anonymous_19)
FN:411,(anonymous_20)
FN:444,(anonymous_21)
FN:479,(anonymous_22)
FN:504,(anonymous_23)
FN:515,(anonymous_24)
FN:538,(anonymous_25)
FN:557,(anonymous_26)
FN:569,(anonymous_27)
FN:599,(anonymous_28)
FN:610,(anonymous_29)
FN:624,(anonymous_30)
FNF:31
FNH:24
FNDA:14,(anonymous_0)
FNDA:12,(anonymous_1)
FNDA:1,(anonymous_2)
FNDA:2,(anonymous_3)
FNDA:8,(anonymous_4)
FNDA:6,(anonymous_5)
FNDA:1,(anonymous_6)
FNDA:1,(anonymous_7)
FNDA:1,(anonymous_8)
FNDA:0,(anonymous_9)
FNDA:1,(anonymous_10)
FNDA:1,(anonymous_11)
FNDA:1,(anonymous_12)
FNDA:1,(anonymous_13)
FNDA:0,(anonymous_14)
FNDA:1,(anonymous_15)
FNDA:1,(anonymous_16)
FNDA:1,(anonymous_17)
FNDA:1,(anonymous_18)
FNDA:1,(anonymous_19)
FNDA:0,(anonymous_20)
FNDA:12,(anonymous_21)
FNDA:10,(anonymous_22)
FNDA:10,(anonymous_23)
FNDA:10,(anonymous_24)
FNDA:0,(anonymous_25)
FNDA:0,(anonymous_26)
FNDA:0,(anonymous_27)
FNDA:10,(anonymous_28)
FNDA:1,(anonymous_29)
FNDA:0,(anonymous_30)
DA:26,1
DA:27,1
DA:78,1
DA:79,14
DA:80,14
DA:81,14
DA:102,14
DA:104,14
DA:120,12
DA:122,12
DA:125,10
DA:126,0
DA:130,10
DA:131,0
DA:135,10
DA:138,10
DA:152,10
DA:155,10
DA:156,10
DA:160,10
DA:161,10
DA:171,10
DA:173,10
DA:176,2
DA:177,2
DA:186,1
DA:187,1
DA:188,1
DA:189,0
DA:193,1
DA:194,1
DA:198,1
DA:201,1
DA:204,1
DA:206,1
DA:208,1
DA:211,0
DA:212,0
DA:221,2
DA:222,2
DA:230,8
DA:238,1
DA:239,1
DA:240,0
DA:243,1
DA:244,1
DA:245,1
DA:253,0
DA:261,1
DA:263,1
DA:265,1
DA:278,1
DA:279,1
DA:280,0
DA:283,1
DA:284,1
DA:286,1
DA:294,1
DA:295,1
DA:296,0
DA:299,1
DA:300,1
DA:302,1
DA:314,0
DA:316,0
DA:318,0
DA:319,0
DA:320,0
DA:324,0
DA:325,0
DA:329,0
DA:332,0
DA:333,0
DA:337,0
DA:339,0
DA:343,0
DA:344,0
DA:348,0
DA:351,0
DA:379,1
DA:380,1
DA:381,0
DA:384,1
DA:398,1
DA:399,1
DA:400,1
DA:403,1
DA:404,1
DA:405,1
DA:409,1
DA:410,1
DA:411,0
DA:415,1
DA:416,1
DA:417,1
DA:418,1
DA:420,1
DA:421,1
DA:422,1
DA:423,1
DA:424,1
DA:427,1
DA:446,12
DA:447,12
DA:448,34
DA:449,1
DA:454,11
DA:455,1
DA:459,10
DA:460,0
DA:464,10
DA:465,0
DA:469,10
DA:470,10
DA:471,0
DA:481,10
DA:482,0
DA:485,10
DA:486,0
DA:489,10
DA:490,0
DA:494,10
DA:495,0
DA:499,10
DA:500,10
DA:504,10
DA:505,10
DA:506,10
DA:507,0
DA:516,10
DA:517,0
DA:520,10
DA:521,0
DA:524,10
DA:525,10
DA:526,0
DA:529,10
DA:530,0
DA:539,0
DA:540,0
DA:543,0
DA:544,0
DA:548,0
DA:549,0
DA:553,0
DA:557,0
DA:558,0
DA:559,0
DA:560,0
DA:570,0
DA:572,0
DA:574,0
DA:575,0
DA:577,0
DA:578,0
DA:580,0
DA:581,0
DA:583,0
DA:584,0
DA:586,0
DA:587,0
DA:590,0
DA:591,0
DA:600,10
DA:601,10
DA:603,10
DA:611,1
DA:612,1
DA:613,1
DA:614,1
DA:615,1
DA:625,0
DA:626,0
DA:627,0
DA:630,0
DA:632,0
DA:633,0
DA:634,0
DA:636,0
DA:637,0
DA:639,0
DA:645,1
LF:182
LH:108
BRDA:96,0,0,0
BRDA:105,1,0,14
BRDA:105,1,1,0
BRDA:106,2,0,14
BRDA:106,2,1,0
BRDA:107,3,0,14
BRDA:107,3,1,0
BRDA:108,4,0,14
BRDA:108,4,1,0
BRDA:118,5,0,12
BRDA:125,6,0,0
BRDA:125,6,1,10
BRDA:130,7,0,0
BRDA:130,7,1,10
BRDA:130,8,0,10
BRDA:130,8,1,0
BRDA:140,9,0,10
BRDA:140,9,1,10
BRDA:140,9,2,0
BRDA:141,10,0,10
BRDA:141,10,1,10
BRDA:142,11,0,10
BRDA:142,11,1,10
BRDA:142,11,2,0
BRDA:155,12,0,10
BRDA:155,12,1,0
BRDA:160,13,0,10
BRDA:160,13,1,0
BRDA:173,14,0,10
BRDA:173,14,1,0
BRDA:188,15,0,0
BRDA:188,15,1,1
BRDA:193,16,0,1
BRDA:193,16,1,0
BRDA:222,17,0,1
BRDA:222,17,1,1
BRDA:222,18,0,2
BRDA:222,18,1,1
BRDA:239,19,0,0
BRDA:239,19,1,1
BRDA:245,20,0,1
BRDA:245,20,1,1
BRDA:265,21,0,1
BRDA:265,21,1,1
BRDA:265,21,2,0
BRDA:265,21,3,0
BRDA:265,21,4,0
BRDA:279,22,0,0
BRDA:279,22,1,1
BRDA:295,23,0,0
BRDA:295,23,1,1
BRDA:319,24,0,0
BRDA:319,24,1,0
BRDA:324,25,0,0
BRDA:324,25,1,0
BRDA:332,26,0,0
BRDA:332,26,1,0
BRDA:343,27,0,0
BRDA:343,27,1,0
BRDA:380,28,0,0
BRDA:380,28,1,1
BRDA:386,29,0,0
BRDA:386,29,1,1
BRDA:388,30,0,0
BRDA:388,30,1,1
BRDA:434,31,0,0
BRDA:434,31,1,1
BRDA:448,32,0,1
BRDA:448,32,1,33
BRDA:454,33,0,1
BRDA:454,33,1,10
BRDA:459,34,0,0
BRDA:459,34,1,10
BRDA:464,35,0,0
BRDA:464,35,1,10
BRDA:470,36,0,0
BRDA:470,36,1,10
BRDA:481,37,0,0
BRDA:481,37,1,10
BRDA:481,38,0,10
BRDA:481,38,1,10
BRDA:485,39,0,0
BRDA:485,39,1,10
BRDA:485,40,0,10
BRDA:485,40,1,10
BRDA:489,41,0,0
BRDA:489,41,1,10
BRDA:489,42,0,10
BRDA:489,42,1,10
BRDA:494,43,0,0
BRDA:494,43,1,10
BRDA:506,44,0,0
BRDA:506,44,1,10
BRDA:516,45,0,0
BRDA:516,45,1,10
BRDA:516,46,0,10
BRDA:516,46,1,10
BRDA:520,47,0,0
BRDA:520,47,1,10
BRDA:520,48,0,10
BRDA:520,48,1,10
BRDA:525,49,0,0
BRDA:525,49,1,10
BRDA:529,50,0,0
BRDA:529,50,1,10
BRDA:543,51,0,0
BRDA:543,51,1,0
BRDA:543,52,0,0
BRDA:543,52,1,0
BRDA:543,52,2,0
BRDA:548,53,0,0
BRDA:548,53,1,0
BRDA:548,54,0,0
BRDA:548,54,1,0
BRDA:559,55,0,0
BRDA:559,55,1,0
BRDA:572,56,0,0
BRDA:572,56,1,0
BRDA:572,56,2,0
BRDA:572,56,3,0
BRDA:572,56,4,0
BRDA:577,57,0,0
BRDA:577,57,1,0
BRDA:583,58,0,0
BRDA:583,58,1,0
BRDA:583,58,2,0
BRDA:590,59,0,0
BRDA:590,59,1,0
BRDA:600,60,0,10
BRDA:600,60,1,0
BRDA:612,61,0,1
BRDA:612,61,1,0
BRDA:614,62,0,1
BRDA:614,62,1,0
BRDA:626,63,0,0
BRDA:626,63,1,0
BRDA:636,64,0,0
BRDA:636,64,1,0
BRF:138
BRH:63
end_of_record
TN:
SF:src\types\index.ts
FN:60,(anonymous_4)
FN:184,(anonymous_5)
FN:686,isProtocolMessage
FN:698,isTool
FN:713,isClientSession
FNF:5
FNH:2
FNDA:1,(anonymous_4)
FNDA:1,(anonymous_5)
FNDA:0,isProtocolMessage
FNDA:0,isTool
FNDA:0,isClientSession
DA:60,1
DA:62,1
DA:63,1
DA:64,1
DA:65,1
DA:66,1
DA:69,1
DA:70,1
DA:71,1
DA:72,1
DA:73,1
DA:74,1
DA:75,1
DA:76,1
DA:77,1
DA:78,1
DA:79,1
DA:184,1
DA:185,1
DA:186,1
DA:187,1
DA:188,1
DA:189,1
DA:190,1
DA:686,1
DA:687,0
DA:698,1
DA:699,0
DA:713,1
DA:714,0
DA:729,1
LF:31
LH:28
BRDA:60,0,0,1
BRDA:60,0,1,1
BRDA:184,1,0,1
BRDA:184,1,1,1
BRDA:688,2,0,0
BRDA:688,2,1,0
BRDA:688,2,2,0
BRDA:688,2,3,0
BRDA:688,2,4,0
BRDA:688,2,5,0
BRDA:700,3,0,0
BRDA:700,3,1,0
BRDA:700,3,2,0
BRDA:700,3,3,0
BRDA:700,3,4,0
BRDA:700,3,5,0
BRDA:700,3,6,0
BRDA:715,4,0,0
BRDA:715,4,1,0
BRDA:715,4,2,0
BRDA:715,4,3,0
BRDA:715,4,4,0
BRDA:715,4,5,0
BRDA:715,4,6,0
BRF:24
BRH:4
end_of_record
